#
# A fatal error has been detected by the Java Runtime Environment:
#
#  EXCEPTION_UNCAUGHT_CXX_EXCEPTION (0xe06d7363) at pc=0x00007ffb2e6d4ed9, pid=12228, tid=14288
#
# JRE version: Java(TM) SE Runtime Environment (16.0.1+9) (build 16.0.1+9-24)
# Java VM: Java HotSpot(TM) 64-Bit Server VM (16.0.1+9-24, mixed mode, sharing, tiered, compressed oops, compressed class ptrs, g1 gc, windows-amd64)
# Problematic frame:
# C  [KERNELBASE.dll+0x34ed9]
#
# No core dump will be written. Minidumps are not enabled by default on client versions of Windows
#
# If you would like to submit a bug report, please visit:
#   https://bugreport.java.com/bugreport/crash.jsp
# The crash happened outside the Java Virtual Machine in native code.
# See problematic frame for where to report the bug.
#

---------------  S U M M A R Y ------------

Command Line: -Dfile.encoding=UTF8 -ea -Xmx1024m 

Host: Intel(R) Core(TM) i7-6700HQ CPU @ 2.60GHz, 8 cores, 15G,  Windows 10 , 64 bit Build 19041 (10.0.19041.1023)
Time: Sun Dec 12 03:06:14 2021 대한민국 표준시 elapsed time: 0.315316 seconds (0d 0h 0m 0s)

---------------  T H R E A D  ---------------

Current thread (0x000002293324bee0):  JavaThread "main" [_thread_in_native, id=14288, stack(0x000000c25f600000,0x000000c25f7f0000)]

Stack: [0x000000c25f600000,0x000000c25f7f0000],  sp=0x000000c25f7eb020,  free space=1964k
Native frames: (J=compiled Java code, j=interpreted, Vv=VM code, C=native code)
C  [KERNELBASE.dll+0x34ed9]
C  [VCRUNTIME140.dll+0x4411]
C  [ntdll.dll+0xa1506]
C  [_jpype.cp38-win_amd64.pyd+0x498ee]  PyJPClass_getBases+0x5e  (pyjp_class.cpp:1040)
C  [_jpype.cp38-win_amd64.pyd+0x4d9e2]  PyJPClass_hook+0x72  (pyjp_class.cpp:1141)
C  [_jpype.cp38-win_amd64.pyd+0x42a75]  Java_org_jpype_manager_TypeFactoryNative_newWrapper+0x65  (jp_typefactory.cpp:100)
C  0x000002293de7dd22

Java frames: (J=compiled Java code, j=interpreted, Vv=VM code)
j  org.jpype.manager.TypeFactoryNative.newWrapper(JJ)V+0
j  org.jpype.JPypeContext.newWrapper(J)V+16
v  ~StubRoutines::call_stub

siginfo: EXCEPTION_UNCAUGHT_CXX_EXCEPTION (0xe06d7363), ExceptionInformation=0x0000000019930520 0x000000c25f7ed380 0x00007ffaa75c2a60 0x00007ffaa7530000 


Register to memory mapping:

RIP=0x00007ffb2e6d4ed9 KERNELBASE.dll
RAX=0x00000000508bfb40 is an unknown value
RBX=0x000000c25f7ec9a0 is pointing into the stack for thread: 0x000002293324bee0
RCX=0x00000229508c2520 is pointing into metadata
RDX=0x000000c2508bcca8 is an unknown value
RSP=0x000000c25f7eb020 is pointing into the stack for thread: 0x000002293324bee0
RBP=0x000000c25f7eb6d0 is pointing into the stack for thread: 0x000002293324bee0
RSI=0x000000c25f7ed1f0 is pointing into the stack for thread: 0x000002293324bee0
RDI=0x000000c25f7ebe70 is pointing into the stack for thread: 0x000002293324bee0
R8 =0x000000c25f7ea9e0 is pointing into the stack for thread: 0x000002293324bee0
R9 =0x61622e61508bf750 is an unknown value
R10=0x00007ff9508bf1d8 is an unknown value
R11=0x6e6e612f508bf828 is an unknown value
R12=0x000000c25f7eb160 is pointing into the stack for thread: 0x000002293324bee0
R13=0x0 is NULL
R14=0x000000c25f7ebfd8 is pointing into the stack for thread: 0x000002293324bee0
R15=0x0 is NULL


Registers:
RAX=0x00000000508bfb40, RBX=0x000000c25f7ec9a0, RCX=0x00000229508c2520, RDX=0x000000c2508bcca8
RSP=0x000000c25f7eb020, RBP=0x000000c25f7eb6d0, RSI=0x000000c25f7ed1f0, RDI=0x000000c25f7ebe70
R8 =0x000000c25f7ea9e0, R9 =0x61622e61508bf750, R10=0x00007ff9508bf1d8, R11=0x6e6e612f508bf828
R12=0x000000c25f7eb160, R13=0x0000000000000000, R14=0x000000c25f7ebfd8, R15=0x0000000000000000
RIP=0x00007ffb2e6d4ed9, EFLAGS=0x0000000000000206

Top of Stack: (sp=0x000000c25f7eb020)
0x000000c25f7eb020:   0000000000000000 000000c25f7ec9a0
0x000000c25f7eb030:   000000c25f7ed1f0 00007ffaa75407f0
0x000000c25f7eb040:   00000001e06d7363 0000000000000000
0x000000c25f7eb050:   00007ffb2e6d4ed9 000000c200000004
0x000000c25f7eb060:   0000000019930520 000000c25f7ed380
0x000000c25f7eb070:   00007ffaa75c2a60 00007ffaa7530000
0x000000c25f7eb080:   00007de7647c4482 00007ffaa7590953
0x000000c25f7eb090:   000000c25f7ec9a0 00007ffb2975657a
0x000000c25f7eb0a0:   000000c200000003 00007ffb29764280
0x000000c25f7eb0b0:   000002293324bee0 00007ff9ea4d00f8
0x000000c25f7eb0c0:   000000c25f7ebe70 00007ffb297564b9
0x000000c25f7eb0d0:   000000c25f7ec9a0 000000c25f7ed1f0
0x000000c25f7eb0e0:   000002100310aefe 00007ff9ea842cb3
0x000000c25f7eb0f0:   000000c25f7ec9a0 00007ffb29754411
0x000000c25f7eb100:   00007ffaa7590914 000000c25f7ebfd8
0x000000c25f7eb110:   0000000000000100 0000000000000000 

Instructions: (pc=0x00007ffb2e6d4ed9)
0x00007ffb2e6d4dd9:   d8 21 00 00 41 0f 44 c0 89 43 24 8b 41 18 89 43
0x00007ffb2e6d4de9:   28 65 48 8b 04 25 60 00 00 00 48 8b 48 20 39 79
0x00007ffb2e6d4df9:   08 7c 36 41 b9 40 00 00 00 48 89 7c 24 20 4c 8d
0x00007ffb2e6d4e09:   44 24 30 48 83 c9 ff 41 8d 51 e5 48 ff 15 0d ad
0x00007ffb2e6d4e19:   18 00 0f 1f 44 00 00 85 c0 0f 88 9f f1 06 00 81
0x00007ffb2e6d4e29:   7c 24 54 33 00 03 00 72 0f 48 8b 9c 24 80 00 00
0x00007ffb2e6d4e39:   00 48 83 c4 70 5f c3 cc 89 7b 2c eb ec cc cc cc
0x00007ffb2e6d4e49:   cc cc cc cc cc cc cc 65 48 8b 04 25 30 00 00 00
0x00007ffb2e6d4e59:   8b 40 68 c3 cc cc cc cc cc cc cc cc cc cc cc cc
0x00007ffb2e6d4e69:   cc cc cc cc cc cc cc 48 81 ec d8 00 00 00 48 8b
0x00007ffb2e6d4e79:   05 f2 6f 25 00 48 33 c4 48 89 84 24 c0 00 00 00
0x00007ffb2e6d4e89:   48 83 64 24 28 00 48 8d 05 da ff ff ff 83 e2 01
0x00007ffb2e6d4e99:   89 4c 24 20 89 54 24 24 48 89 44 24 30 4d 85 c9
0x00007ffb2e6d4ea9:   74 4c b8 0f 00 00 00 48 8d 4c 24 40 44 3b c0 49
0x00007ffb2e6d4eb9:   8b d1 44 0f 47 c0 44 89 44 24 38 49 c1 e0 03 e8
0x00007ffb2e6d4ec9:   3a d7 05 00 48 8d 4c 24 20 48 ff 15 2f ad 18 00
0x00007ffb2e6d4ed9:   0f 1f 44 00 00 48 8b 8c 24 c0 00 00 00 48 33 cc
0x00007ffb2e6d4ee9:   e8 42 97 05 00 48 81 c4 d8 00 00 00 c3 cc 83 64
0x00007ffb2e6d4ef9:   24 38 00 eb cf cc cc cc cc cc cc cc cc cc cc cc
0x00007ffb2e6d4f09:   cc cc cc cc cc cc cc 40 53 48 83 ec 30 48 8b d1
0x00007ffb2e6d4f19:   48 8d 4c 24 20 e8 e5 cc ff ff 85 c0 74 26 48 8b
0x00007ffb2e6d4f29:   4c 24 28 e8 8f 6f ff ff 48 8d 4c 24 20 8b d8 48
0x00007ffb2e6d4f39:   ff 15 21 a5 18 00 0f 1f 44 00 00 8b c3 48 83 c4
0x00007ffb2e6d4f49:   30 5b c3 cc 83 c8 ff eb f4 cc cc cc cc cc cc cc
0x00007ffb2e6d4f59:   cc cc cc cc cc cc cc 48 8b c4 48 89 58 10 48 89
0x00007ffb2e6d4f69:   70 18 57 48 83 ec 60 0f 57 c0 0f 11 40 b8 48 8d
0x00007ffb2e6d4f79:   35 42 05 19 00 33 db 48 85 c9 48 0f 45 f1 48 8b
0x00007ffb2e6d4f89:   d6 48 8d 48 c8 48 ff 15 53 ab 18 00 0f 1f 44 00
0x00007ffb2e6d4f99:   00 8b f8 89 44 24 70 85 c0 78 1f 41 b0 01 48 8d
0x00007ffb2e6d4fa9:   54 24 30 48 8d 4c 24 20 48 ff 15 d0 a4 18 00 0f
0x00007ffb2e6d4fb9:   1f 44 00 00 8b f8 89 44 24 70 85 ff 0f 88 09 f0
0x00007ffb2e6d4fc9:   06 00 48 83 c8 ff 48 8b c8 48 ff c1 66 39 1c 4e 


Stack slot to memory mapping:
stack at sp + 0 slots: 0x0 is NULL
stack at sp + 1 slots: 0x000000c25f7ec9a0 is pointing into the stack for thread: 0x000002293324bee0
stack at sp + 2 slots: 0x000000c25f7ed1f0 is pointing into the stack for thread: 0x000002293324bee0
stack at sp + 3 slots: 0x00007ffaa75407f0 _jpype.cp38-win_amd64.pyd::std::vector<JPStackInfo,std::allocator<JPStackInfo> >::_Emplace_reallocate<JPStackInfo const &> + 0x230
stack at sp + 4 slots: 0x00000001e06d7363 is an unknown value
stack at sp + 5 slots: 0x0 is NULL
stack at sp + 6 slots: 0x00007ffb2e6d4ed9 KERNELBASE.dll
stack at sp + 7 slots: 0x000000c200000004 is an unknown value


---------------  P R O C E S S  ---------------

Threads class SMR info:
_java_thread_list=0x0000022936301f70, length=13, elements={
0x000002293324bee0, 0x0000022933249460, 0x000002293324eeb0, 0x000002293324f400,
0x000002293324b440, 0x000002293324f950, 0x0000022933247f20, 0x0000022930842af0,
0x000002293083f350, 0x000002293324fea0, 0x000002293324e960, 0x00000229332489c0,
0x00000229332513e0
}

Java Threads: ( => current thread )
=>0x000002293324bee0 JavaThread "main" [_thread_in_native, id=14288, stack(0x000000c25f600000,0x000000c25f7f0000)]
  0x0000022933249460 JavaThread "Reference Handler" daemon [_thread_blocked, id=1708, stack(0x000000c262480000,0x000000c262670000)]
  0x000002293324eeb0 JavaThread "Finalizer" daemon [_thread_blocked, id=15816, stack(0x000000c262670000,0x000000c262860000)]
  0x000002293324f400 JavaThread "Signal Dispatcher" daemon [_thread_blocked, id=13084, stack(0x000000c262860000,0x000000c262a50000)]
  0x000002293324b440 JavaThread "Attach Listener" daemon [_thread_blocked, id=16976, stack(0x000000c262a50000,0x000000c262c40000)]
  0x000002293324f950 JavaThread "Service Thread" daemon [_thread_blocked, id=15148, stack(0x000000c262c40000,0x000000c262e30000)]
  0x0000022933247f20 JavaThread "Monitor Deflation Thread" daemon [_thread_blocked, id=3248, stack(0x000000c262e30000,0x000000c263020000)]
  0x0000022930842af0 JavaThread "C2 CompilerThread0" daemon [_thread_blocked, id=14520, stack(0x000000c263020000,0x000000c263210000)]
  0x000002293083f350 JavaThread "C1 CompilerThread0" daemon [_thread_blocked, id=1920, stack(0x000000c263210000,0x000000c263400000)]
  0x000002293324fea0 JavaThread "Sweeper thread" daemon [_thread_blocked, id=5628, stack(0x000000c263400000,0x000000c2635f0000)]
  0x000002293324e960 JavaThread "Notification Thread" daemon [_thread_blocked, id=15068, stack(0x000000c2635f0000,0x000000c2637e0000)]
  0x00000229332489c0 JavaThread "Common-Cleaner" daemon [_thread_blocked, id=8336, stack(0x000000c2639d0000,0x000000c263bc0000)]
  0x00000229332513e0 JavaThread "SIGINT handler" daemon [_thread_blocked, id=13468, stack(0x000000c263fa0000,0x000000c264190000)]

Other Threads:
  0x000002293346b570 VMThread "VM Thread" [stack: 0x000000c262290000,0x000000c262480000] [id=19504]
  0x00000229298bfc80 WatcherThread [stack: 0x000000c2637e0000,0x000000c2639d0000] [id=19176]
  0x000002292df643e0 GCTaskThread "GC Thread#0" [stack: 0x000000c2618e0000,0x000000c261ad0000] [id=9708]
  0x00000229306d64f0 ConcurrentGCThread "G1 Main Marker" [stack: 0x000000c261ad0000,0x000000c261cc0000] [id=12712]
  0x000002292df5ee20 ConcurrentGCThread "G1 Conc#0" [stack: 0x000000c261cc0000,0x000000c261eb0000] [id=16592]
  0x000002292de2b0a0 ConcurrentGCThread "G1 Refine#0" [stack: 0x000000c261eb0000,0x000000c2620a0000] [id=4108]
  0x0000022935465640 ConcurrentGCThread "G1 Service" [stack: 0x000000c2620a0000,0x000000c262290000] [id=1448]

Threads with active compile tasks:

VM state: not at safepoint (normal execution)

VM Mutex/Monitor currently owned by a thread: None

Heap address: 0x00000000c0000000, size: 1024 MB, Compressed Oops mode: 32-bit

CDS archive(s) mapped at: [0x0000022982000000-0x0000022982bb0000-0x0000022982bb0000), size 12255232, SharedBaseAddress: 0x0000022982000000, ArchiveRelocationMode: 0.
Compressed class space mapped at: 0x0000022982c00000-0x00000229c2c00000, reserved size: 1073741824
Narrow klass base: 0x0000022982000000, Narrow klass shift: 3, Narrow klass range: 0x100000000

GC Precious Log:
 CPUs: 8 total, 8 available
 Memory: 16266M
 Large Page Support: Disabled
 NUMA Support: Disabled
 Compressed Oops: Enabled (32-bit)
 Heap Region Size: 1M
 Heap Min Capacity: 8M
 Heap Initial Capacity: 256M
 Heap Max Capacity: 1G
 Pre-touch: Disabled
 Parallel Workers: 8
 Concurrent Workers: 2
 Concurrent Refinement Workers: 8
 Periodic GC: Disabled

Heap:
 garbage-first heap   total 262144K, used 3072K [0x00000000c0000000, 0x0000000100000000)
  region size 1024K, 5 young (5120K), 0 survivors (0K)
 Metaspace       used 1186K, committed 1344K, reserved 1056768K
  class space    used 98K, committed 192K, reserved 1048576K

Heap Regions: E=young(eden), S=young(survivor), O=old, HS=humongous(starts), HC=humongous(continues), CS=collection set, F=free, OA=open archive, CA=closed archive, TAMS=top-at-mark-start (previous, next)
|   0|0x00000000c0000000, 0x00000000c0000000, 0x00000000c0100000|  0%| F|  |TAMS 0x00000000c0000000, 0x00000000c0000000| Untracked 
|   1|0x00000000c0100000, 0x00000000c0100000, 0x00000000c0200000|  0%| F|  |TAMS 0x00000000c0100000, 0x00000000c0100000| Untracked 
|   2|0x00000000c0200000, 0x00000000c0200000, 0x00000000c0300000|  0%| F|  |TAMS 0x00000000c0200000, 0x00000000c0200000| Untracked 
|   3|0x00000000c0300000, 0x00000000c0300000, 0x00000000c0400000|  0%| F|  |TAMS 0x00000000c0300000, 0x00000000c0300000| Untracked 
|   4|0x00000000c0400000, 0x00000000c0400000, 0x00000000c0500000|  0%| F|  |TAMS 0x00000000c0400000, 0x00000000c0400000| Untracked 
|   5|0x00000000c0500000, 0x00000000c0500000, 0x00000000c0600000|  0%| F|  |TAMS 0x00000000c0500000, 0x00000000c0500000| Untracked 
|   6|0x00000000c0600000, 0x00000000c0600000, 0x00000000c0700000|  0%| F|  |TAMS 0x00000000c0600000, 0x00000000c0600000| Untracked 
|   7|0x00000000c0700000, 0x00000000c0700000, 0x00000000c0800000|  0%| F|  |TAMS 0x00000000c0700000, 0x00000000c0700000| Untracked 
|   8|0x00000000c0800000, 0x00000000c0800000, 0x00000000c0900000|  0%| F|  |TAMS 0x00000000c0800000, 0x00000000c0800000| Untracked 
|   9|0x00000000c0900000, 0x00000000c0900000, 0x00000000c0a00000|  0%| F|  |TAMS 0x00000000c0900000, 0x00000000c0900000| Untracked 
|  10|0x00000000c0a00000, 0x00000000c0a00000, 0x00000000c0b00000|  0%| F|  |TAMS 0x00000000c0a00000, 0x00000000c0a00000| Untracked 
|  11|0x00000000c0b00000, 0x00000000c0b00000, 0x00000000c0c00000|  0%| F|  |TAMS 0x00000000c0b00000, 0x00000000c0b00000| Untracked 
|  12|0x00000000c0c00000, 0x00000000c0c00000, 0x00000000c0d00000|  0%| F|  |TAMS 0x00000000c0c00000, 0x00000000c0c00000| Untracked 
|  13|0x00000000c0d00000, 0x00000000c0d00000, 0x00000000c0e00000|  0%| F|  |TAMS 0x00000000c0d00000, 0x00000000c0d00000| Untracked 
|  14|0x00000000c0e00000, 0x00000000c0e00000, 0x00000000c0f00000|  0%| F|  |TAMS 0x00000000c0e00000, 0x00000000c0e00000| Untracked 
|  15|0x00000000c0f00000, 0x00000000c0f00000, 0x00000000c1000000|  0%| F|  |TAMS 0x00000000c0f00000, 0x00000000c0f00000| Untracked 
|  16|0x00000000c1000000, 0x00000000c1000000, 0x00000000c1100000|  0%| F|  |TAMS 0x00000000c1000000, 0x00000000c1000000| Untracked 
|  17|0x00000000c1100000, 0x00000000c1100000, 0x00000000c1200000|  0%| F|  |TAMS 0x00000000c1100000, 0x00000000c1100000| Untracked 
|  18|0x00000000c1200000, 0x00000000c1200000, 0x00000000c1300000|  0%| F|  |TAMS 0x00000000c1200000, 0x00000000c1200000| Untracked 
|  19|0x00000000c1300000, 0x00000000c1300000, 0x00000000c1400000|  0%| F|  |TAMS 0x00000000c1300000, 0x00000000c1300000| Untracked 
|  20|0x00000000c1400000, 0x00000000c1400000, 0x00000000c1500000|  0%| F|  |TAMS 0x00000000c1400000, 0x00000000c1400000| Untracked 
|  21|0x00000000c1500000, 0x00000000c1500000, 0x00000000c1600000|  0%| F|  |TAMS 0x00000000c1500000, 0x00000000c1500000| Untracked 
|  22|0x00000000c1600000, 0x00000000c1600000, 0x00000000c1700000|  0%| F|  |TAMS 0x00000000c1600000, 0x00000000c1600000| Untracked 
|  23|0x00000000c1700000, 0x00000000c1700000, 0x00000000c1800000|  0%| F|  |TAMS 0x00000000c1700000, 0x00000000c1700000| Untracked 
|  24|0x00000000c1800000, 0x00000000c1800000, 0x00000000c1900000|  0%| F|  |TAMS 0x00000000c1800000, 0x00000000c1800000| Untracked 
|  25|0x00000000c1900000, 0x00000000c1900000, 0x00000000c1a00000|  0%| F|  |TAMS 0x00000000c1900000, 0x00000000c1900000| Untracked 
|  26|0x00000000c1a00000, 0x00000000c1a00000, 0x00000000c1b00000|  0%| F|  |TAMS 0x00000000c1a00000, 0x00000000c1a00000| Untracked 
|  27|0x00000000c1b00000, 0x00000000c1b00000, 0x00000000c1c00000|  0%| F|  |TAMS 0x00000000c1b00000, 0x00000000c1b00000| Untracked 
|  28|0x00000000c1c00000, 0x00000000c1c00000, 0x00000000c1d00000|  0%| F|  |TAMS 0x00000000c1c00000, 0x00000000c1c00000| Untracked 
|  29|0x00000000c1d00000, 0x00000000c1d00000, 0x00000000c1e00000|  0%| F|  |TAMS 0x00000000c1d00000, 0x00000000c1d00000| Untracked 
|  30|0x00000000c1e00000, 0x00000000c1e00000, 0x00000000c1f00000|  0%| F|  |TAMS 0x00000000c1e00000, 0x00000000c1e00000| Untracked 
|  31|0x00000000c1f00000, 0x00000000c1f00000, 0x00000000c2000000|  0%| F|  |TAMS 0x00000000c1f00000, 0x00000000c1f00000| Untracked 
|  32|0x00000000c2000000, 0x00000000c2000000, 0x00000000c2100000|  0%| F|  |TAMS 0x00000000c2000000, 0x00000000c2000000| Untracked 
|  33|0x00000000c2100000, 0x00000000c2100000, 0x00000000c2200000|  0%| F|  |TAMS 0x00000000c2100000, 0x00000000c2100000| Untracked 
|  34|0x00000000c2200000, 0x00000000c2200000, 0x00000000c2300000|  0%| F|  |TAMS 0x00000000c2200000, 0x00000000c2200000| Untracked 
|  35|0x00000000c2300000, 0x00000000c2300000, 0x00000000c2400000|  0%| F|  |TAMS 0x00000000c2300000, 0x00000000c2300000| Untracked 
|  36|0x00000000c2400000, 0x00000000c2400000, 0x00000000c2500000|  0%| F|  |TAMS 0x00000000c2400000, 0x00000000c2400000| Untracked 
|  37|0x00000000c2500000, 0x00000000c2500000, 0x00000000c2600000|  0%| F|  |TAMS 0x00000000c2500000, 0x00000000c2500000| Untracked 
|  38|0x00000000c2600000, 0x00000000c2600000, 0x00000000c2700000|  0%| F|  |TAMS 0x00000000c2600000, 0x00000000c2600000| Untracked 
|  39|0x00000000c2700000, 0x00000000c2700000, 0x00000000c2800000|  0%| F|  |TAMS 0x00000000c2700000, 0x00000000c2700000| Untracked 
|  40|0x00000000c2800000, 0x00000000c2800000, 0x00000000c2900000|  0%| F|  |TAMS 0x00000000c2800000, 0x00000000c2800000| Untracked 
|  41|0x00000000c2900000, 0x00000000c2900000, 0x00000000c2a00000|  0%| F|  |TAMS 0x00000000c2900000, 0x00000000c2900000| Untracked 
|  42|0x00000000c2a00000, 0x00000000c2a00000, 0x00000000c2b00000|  0%| F|  |TAMS 0x00000000c2a00000, 0x00000000c2a00000| Untracked 
|  43|0x00000000c2b00000, 0x00000000c2b00000, 0x00000000c2c00000|  0%| F|  |TAMS 0x00000000c2b00000, 0x00000000c2b00000| Untracked 
|  44|0x00000000c2c00000, 0x00000000c2c00000, 0x00000000c2d00000|  0%| F|  |TAMS 0x00000000c2c00000, 0x00000000c2c00000| Untracked 
|  45|0x00000000c2d00000, 0x00000000c2d00000, 0x00000000c2e00000|  0%| F|  |TAMS 0x00000000c2d00000, 0x00000000c2d00000| Untracked 
|  46|0x00000000c2e00000, 0x00000000c2e00000, 0x00000000c2f00000|  0%| F|  |TAMS 0x00000000c2e00000, 0x00000000c2e00000| Untracked 
|  47|0x00000000c2f00000, 0x00000000c2f00000, 0x00000000c3000000|  0%| F|  |TAMS 0x00000000c2f00000, 0x00000000c2f00000| Untracked 
|  48|0x00000000c3000000, 0x00000000c3000000, 0x00000000c3100000|  0%| F|  |TAMS 0x00000000c3000000, 0x00000000c3000000| Untracked 
|  49|0x00000000c3100000, 0x00000000c3100000, 0x00000000c3200000|  0%| F|  |TAMS 0x00000000c3100000, 0x00000000c3100000| Untracked 
|  50|0x00000000c3200000, 0x00000000c3200000, 0x00000000c3300000|  0%| F|  |TAMS 0x00000000c3200000, 0x00000000c3200000| Untracked 
|  51|0x00000000c3300000, 0x00000000c3300000, 0x00000000c3400000|  0%| F|  |TAMS 0x00000000c3300000, 0x00000000c3300000| Untracked 
|  52|0x00000000c3400000, 0x00000000c3400000, 0x00000000c3500000|  0%| F|  |TAMS 0x00000000c3400000, 0x00000000c3400000| Untracked 
|  53|0x00000000c3500000, 0x00000000c3500000, 0x00000000c3600000|  0%| F|  |TAMS 0x00000000c3500000, 0x00000000c3500000| Untracked 
|  54|0x00000000c3600000, 0x00000000c3600000, 0x00000000c3700000|  0%| F|  |TAMS 0x00000000c3600000, 0x00000000c3600000| Untracked 
|  55|0x00000000c3700000, 0x00000000c3700000, 0x00000000c3800000|  0%| F|  |TAMS 0x00000000c3700000, 0x00000000c3700000| Untracked 
|  56|0x00000000c3800000, 0x00000000c3800000, 0x00000000c3900000|  0%| F|  |TAMS 0x00000000c3800000, 0x00000000c3800000| Untracked 
|  57|0x00000000c3900000, 0x00000000c3900000, 0x00000000c3a00000|  0%| F|  |TAMS 0x00000000c3900000, 0x00000000c3900000| Untracked 
|  58|0x00000000c3a00000, 0x00000000c3a00000, 0x00000000c3b00000|  0%| F|  |TAMS 0x00000000c3a00000, 0x00000000c3a00000| Untracked 
|  59|0x00000000c3b00000, 0x00000000c3b00000, 0x00000000c3c00000|  0%| F|  |TAMS 0x00000000c3b00000, 0x00000000c3b00000| Untracked 
|  60|0x00000000c3c00000, 0x00000000c3c00000, 0x00000000c3d00000|  0%| F|  |TAMS 0x00000000c3c00000, 0x00000000c3c00000| Untracked 
|  61|0x00000000c3d00000, 0x00000000c3d00000, 0x00000000c3e00000|  0%| F|  |TAMS 0x00000000c3d00000, 0x00000000c3d00000| Untracked 
|  62|0x00000000c3e00000, 0x00000000c3e00000, 0x00000000c3f00000|  0%| F|  |TAMS 0x00000000c3e00000, 0x00000000c3e00000| Untracked 
|  63|0x00000000c3f00000, 0x00000000c3f00000, 0x00000000c4000000|  0%| F|  |TAMS 0x00000000c3f00000, 0x00000000c3f00000| Untracked 
|  64|0x00000000c4000000, 0x00000000c4000000, 0x00000000c4100000|  0%| F|  |TAMS 0x00000000c4000000, 0x00000000c4000000| Untracked 
|  65|0x00000000c4100000, 0x00000000c4100000, 0x00000000c4200000|  0%| F|  |TAMS 0x00000000c4100000, 0x00000000c4100000| Untracked 
|  66|0x00000000c4200000, 0x00000000c4200000, 0x00000000c4300000|  0%| F|  |TAMS 0x00000000c4200000, 0x00000000c4200000| Untracked 
|  67|0x00000000c4300000, 0x00000000c4300000, 0x00000000c4400000|  0%| F|  |TAMS 0x00000000c4300000, 0x00000000c4300000| Untracked 
|  68|0x00000000c4400000, 0x00000000c4400000, 0x00000000c4500000|  0%| F|  |TAMS 0x00000000c4400000, 0x00000000c4400000| Untracked 
|  69|0x00000000c4500000, 0x00000000c4500000, 0x00000000c4600000|  0%| F|  |TAMS 0x00000000c4500000, 0x00000000c4500000| Untracked 
|  70|0x00000000c4600000, 0x00000000c4600000, 0x00000000c4700000|  0%| F|  |TAMS 0x00000000c4600000, 0x00000000c4600000| Untracked 
|  71|0x00000000c4700000, 0x00000000c4700000, 0x00000000c4800000|  0%| F|  |TAMS 0x00000000c4700000, 0x00000000c4700000| Untracked 
|  72|0x00000000c4800000, 0x00000000c4800000, 0x00000000c4900000|  0%| F|  |TAMS 0x00000000c4800000, 0x00000000c4800000| Untracked 
|  73|0x00000000c4900000, 0x00000000c4900000, 0x00000000c4a00000|  0%| F|  |TAMS 0x00000000c4900000, 0x00000000c4900000| Untracked 
|  74|0x00000000c4a00000, 0x00000000c4a00000, 0x00000000c4b00000|  0%| F|  |TAMS 0x00000000c4a00000, 0x00000000c4a00000| Untracked 
|  75|0x00000000c4b00000, 0x00000000c4b00000, 0x00000000c4c00000|  0%| F|  |TAMS 0x00000000c4b00000, 0x00000000c4b00000| Untracked 
|  76|0x00000000c4c00000, 0x00000000c4c00000, 0x00000000c4d00000|  0%| F|  |TAMS 0x00000000c4c00000, 0x00000000c4c00000| Untracked 
|  77|0x00000000c4d00000, 0x00000000c4d00000, 0x00000000c4e00000|  0%| F|  |TAMS 0x00000000c4d00000, 0x00000000c4d00000| Untracked 
|  78|0x00000000c4e00000, 0x00000000c4e00000, 0x00000000c4f00000|  0%| F|  |TAMS 0x00000000c4e00000, 0x00000000c4e00000| Untracked 
|  79|0x00000000c4f00000, 0x00000000c4f00000, 0x00000000c5000000|  0%| F|  |TAMS 0x00000000c4f00000, 0x00000000c4f00000| Untracked 
|  80|0x00000000c5000000, 0x00000000c5000000, 0x00000000c5100000|  0%| F|  |TAMS 0x00000000c5000000, 0x00000000c5000000| Untracked 
|  81|0x00000000c5100000, 0x00000000c5100000, 0x00000000c5200000|  0%| F|  |TAMS 0x00000000c5100000, 0x00000000c5100000| Untracked 
|  82|0x00000000c5200000, 0x00000000c5200000, 0x00000000c5300000|  0%| F|  |TAMS 0x00000000c5200000, 0x00000000c5200000| Untracked 
|  83|0x00000000c5300000, 0x00000000c5300000, 0x00000000c5400000|  0%| F|  |TAMS 0x00000000c5300000, 0x00000000c5300000| Untracked 
|  84|0x00000000c5400000, 0x00000000c5400000, 0x00000000c5500000|  0%| F|  |TAMS 0x00000000c5400000, 0x00000000c5400000| Untracked 
|  85|0x00000000c5500000, 0x00000000c5500000, 0x00000000c5600000|  0%| F|  |TAMS 0x00000000c5500000, 0x00000000c5500000| Untracked 
|  86|0x00000000c5600000, 0x00000000c5600000, 0x00000000c5700000|  0%| F|  |TAMS 0x00000000c5600000, 0x00000000c5600000| Untracked 
|  87|0x00000000c5700000, 0x00000000c5700000, 0x00000000c5800000|  0%| F|  |TAMS 0x00000000c5700000, 0x00000000c5700000| Untracked 
|  88|0x00000000c5800000, 0x00000000c5800000, 0x00000000c5900000|  0%| F|  |TAMS 0x00000000c5800000, 0x00000000c5800000| Untracked 
|  89|0x00000000c5900000, 0x00000000c5900000, 0x00000000c5a00000|  0%| F|  |TAMS 0x00000000c5900000, 0x00000000c5900000| Untracked 
|  90|0x00000000c5a00000, 0x00000000c5a00000, 0x00000000c5b00000|  0%| F|  |TAMS 0x00000000c5a00000, 0x00000000c5a00000| Untracked 
|  91|0x00000000c5b00000, 0x00000000c5b00000, 0x00000000c5c00000|  0%| F|  |TAMS 0x00000000c5b00000, 0x00000000c5b00000| Untracked 
|  92|0x00000000c5c00000, 0x00000000c5c00000, 0x00000000c5d00000|  0%| F|  |TAMS 0x00000000c5c00000, 0x00000000c5c00000| Untracked 
|  93|0x00000000c5d00000, 0x00000000c5d00000, 0x00000000c5e00000|  0%| F|  |TAMS 0x00000000c5d00000, 0x00000000c5d00000| Untracked 
|  94|0x00000000c5e00000, 0x00000000c5e00000, 0x00000000c5f00000|  0%| F|  |TAMS 0x00000000c5e00000, 0x00000000c5e00000| Untracked 
|  95|0x00000000c5f00000, 0x00000000c5f00000, 0x00000000c6000000|  0%| F|  |TAMS 0x00000000c5f00000, 0x00000000c5f00000| Untracked 
|  96|0x00000000c6000000, 0x00000000c6000000, 0x00000000c6100000|  0%| F|  |TAMS 0x00000000c6000000, 0x00000000c6000000| Untracked 
|  97|0x00000000c6100000, 0x00000000c6100000, 0x00000000c6200000|  0%| F|  |TAMS 0x00000000c6100000, 0x00000000c6100000| Untracked 
|  98|0x00000000c6200000, 0x00000000c6200000, 0x00000000c6300000|  0%| F|  |TAMS 0x00000000c6200000, 0x00000000c6200000| Untracked 
|  99|0x00000000c6300000, 0x00000000c6300000, 0x00000000c6400000|  0%| F|  |TAMS 0x00000000c6300000, 0x00000000c6300000| Untracked 
| 100|0x00000000c6400000, 0x00000000c6400000, 0x00000000c6500000|  0%| F|  |TAMS 0x00000000c6400000, 0x00000000c6400000| Untracked 
| 101|0x00000000c6500000, 0x00000000c6500000, 0x00000000c6600000|  0%| F|  |TAMS 0x00000000c6500000, 0x00000000c6500000| Untracked 
| 102|0x00000000c6600000, 0x00000000c6600000, 0x00000000c6700000|  0%| F|  |TAMS 0x00000000c6600000, 0x00000000c6600000| Untracked 
| 103|0x00000000c6700000, 0x00000000c6700000, 0x00000000c6800000|  0%| F|  |TAMS 0x00000000c6700000, 0x00000000c6700000| Untracked 
| 104|0x00000000c6800000, 0x00000000c6800000, 0x00000000c6900000|  0%| F|  |TAMS 0x00000000c6800000, 0x00000000c6800000| Untracked 
| 105|0x00000000c6900000, 0x00000000c6900000, 0x00000000c6a00000|  0%| F|  |TAMS 0x00000000c6900000, 0x00000000c6900000| Untracked 
| 106|0x00000000c6a00000, 0x00000000c6a00000, 0x00000000c6b00000|  0%| F|  |TAMS 0x00000000c6a00000, 0x00000000c6a00000| Untracked 
| 107|0x00000000c6b00000, 0x00000000c6b00000, 0x00000000c6c00000|  0%| F|  |TAMS 0x00000000c6b00000, 0x00000000c6b00000| Untracked 
| 108|0x00000000c6c00000, 0x00000000c6c00000, 0x00000000c6d00000|  0%| F|  |TAMS 0x00000000c6c00000, 0x00000000c6c00000| Untracked 
| 109|0x00000000c6d00000, 0x00000000c6d00000, 0x00000000c6e00000|  0%| F|  |TAMS 0x00000000c6d00000, 0x00000000c6d00000| Untracked 
| 110|0x00000000c6e00000, 0x00000000c6e00000, 0x00000000c6f00000|  0%| F|  |TAMS 0x00000000c6e00000, 0x00000000c6e00000| Untracked 
| 111|0x00000000c6f00000, 0x00000000c6f00000, 0x00000000c7000000|  0%| F|  |TAMS 0x00000000c6f00000, 0x00000000c6f00000| Untracked 
| 112|0x00000000c7000000, 0x00000000c7000000, 0x00000000c7100000|  0%| F|  |TAMS 0x00000000c7000000, 0x00000000c7000000| Untracked 
| 113|0x00000000c7100000, 0x00000000c7100000, 0x00000000c7200000|  0%| F|  |TAMS 0x00000000c7100000, 0x00000000c7100000| Untracked 
| 114|0x00000000c7200000, 0x00000000c7200000, 0x00000000c7300000|  0%| F|  |TAMS 0x00000000c7200000, 0x00000000c7200000| Untracked 
| 115|0x00000000c7300000, 0x00000000c7300000, 0x00000000c7400000|  0%| F|  |TAMS 0x00000000c7300000, 0x00000000c7300000| Untracked 
| 116|0x00000000c7400000, 0x00000000c7400000, 0x00000000c7500000|  0%| F|  |TAMS 0x00000000c7400000, 0x00000000c7400000| Untracked 
| 117|0x00000000c7500000, 0x00000000c7500000, 0x00000000c7600000|  0%| F|  |TAMS 0x00000000c7500000, 0x00000000c7500000| Untracked 
| 118|0x00000000c7600000, 0x00000000c7600000, 0x00000000c7700000|  0%| F|  |TAMS 0x00000000c7600000, 0x00000000c7600000| Untracked 
| 119|0x00000000c7700000, 0x00000000c7700000, 0x00000000c7800000|  0%| F|  |TAMS 0x00000000c7700000, 0x00000000c7700000| Untracked 
| 120|0x00000000c7800000, 0x00000000c7800000, 0x00000000c7900000|  0%| F|  |TAMS 0x00000000c7800000, 0x00000000c7800000| Untracked 
| 121|0x00000000c7900000, 0x00000000c7900000, 0x00000000c7a00000|  0%| F|  |TAMS 0x00000000c7900000, 0x00000000c7900000| Untracked 
| 122|0x00000000c7a00000, 0x00000000c7a00000, 0x00000000c7b00000|  0%| F|  |TAMS 0x00000000c7a00000, 0x00000000c7a00000| Untracked 
| 123|0x00000000c7b00000, 0x00000000c7b00000, 0x00000000c7c00000|  0%| F|  |TAMS 0x00000000c7b00000, 0x00000000c7b00000| Untracked 
| 124|0x00000000c7c00000, 0x00000000c7c00000, 0x00000000c7d00000|  0%| F|  |TAMS 0x00000000c7c00000, 0x00000000c7c00000| Untracked 
| 125|0x00000000c7d00000, 0x00000000c7d00000, 0x00000000c7e00000|  0%| F|  |TAMS 0x00000000c7d00000, 0x00000000c7d00000| Untracked 
| 126|0x00000000c7e00000, 0x00000000c7e00000, 0x00000000c7f00000|  0%| F|  |TAMS 0x00000000c7e00000, 0x00000000c7e00000| Untracked 
| 127|0x00000000c7f00000, 0x00000000c7f00000, 0x00000000c8000000|  0%| F|  |TAMS 0x00000000c7f00000, 0x00000000c7f00000| Untracked 
| 128|0x00000000c8000000, 0x00000000c8000000, 0x00000000c8100000|  0%| F|  |TAMS 0x00000000c8000000, 0x00000000c8000000| Untracked 
| 129|0x00000000c8100000, 0x00000000c8100000, 0x00000000c8200000|  0%| F|  |TAMS 0x00000000c8100000, 0x00000000c8100000| Untracked 
| 130|0x00000000c8200000, 0x00000000c8200000, 0x00000000c8300000|  0%| F|  |TAMS 0x00000000c8200000, 0x00000000c8200000| Untracked 
| 131|0x00000000c8300000, 0x00000000c8300000, 0x00000000c8400000|  0%| F|  |TAMS 0x00000000c8300000, 0x00000000c8300000| Untracked 
| 132|0x00000000c8400000, 0x00000000c8400000, 0x00000000c8500000|  0%| F|  |TAMS 0x00000000c8400000, 0x00000000c8400000| Untracked 
| 133|0x00000000c8500000, 0x00000000c8500000, 0x00000000c8600000|  0%| F|  |TAMS 0x00000000c8500000, 0x00000000c8500000| Untracked 
| 134|0x00000000c8600000, 0x00000000c8600000, 0x00000000c8700000|  0%| F|  |TAMS 0x00000000c8600000, 0x00000000c8600000| Untracked 
| 135|0x00000000c8700000, 0x00000000c8700000, 0x00000000c8800000|  0%| F|  |TAMS 0x00000000c8700000, 0x00000000c8700000| Untracked 
| 136|0x00000000c8800000, 0x00000000c8800000, 0x00000000c8900000|  0%| F|  |TAMS 0x00000000c8800000, 0x00000000c8800000| Untracked 
| 137|0x00000000c8900000, 0x00000000c8900000, 0x00000000c8a00000|  0%| F|  |TAMS 0x00000000c8900000, 0x00000000c8900000| Untracked 
| 138|0x00000000c8a00000, 0x00000000c8a00000, 0x00000000c8b00000|  0%| F|  |TAMS 0x00000000c8a00000, 0x00000000c8a00000| Untracked 
| 139|0x00000000c8b00000, 0x00000000c8b00000, 0x00000000c8c00000|  0%| F|  |TAMS 0x00000000c8b00000, 0x00000000c8b00000| Untracked 
| 140|0x00000000c8c00000, 0x00000000c8c00000, 0x00000000c8d00000|  0%| F|  |TAMS 0x00000000c8c00000, 0x00000000c8c00000| Untracked 
| 141|0x00000000c8d00000, 0x00000000c8d00000, 0x00000000c8e00000|  0%| F|  |TAMS 0x00000000c8d00000, 0x00000000c8d00000| Untracked 
| 142|0x00000000c8e00000, 0x00000000c8e00000, 0x00000000c8f00000|  0%| F|  |TAMS 0x00000000c8e00000, 0x00000000c8e00000| Untracked 
| 143|0x00000000c8f00000, 0x00000000c8f00000, 0x00000000c9000000|  0%| F|  |TAMS 0x00000000c8f00000, 0x00000000c8f00000| Untracked 
| 144|0x00000000c9000000, 0x00000000c9000000, 0x00000000c9100000|  0%| F|  |TAMS 0x00000000c9000000, 0x00000000c9000000| Untracked 
| 145|0x00000000c9100000, 0x00000000c9100000, 0x00000000c9200000|  0%| F|  |TAMS 0x00000000c9100000, 0x00000000c9100000| Untracked 
| 146|0x00000000c9200000, 0x00000000c9200000, 0x00000000c9300000|  0%| F|  |TAMS 0x00000000c9200000, 0x00000000c9200000| Untracked 
| 147|0x00000000c9300000, 0x00000000c9300000, 0x00000000c9400000|  0%| F|  |TAMS 0x00000000c9300000, 0x00000000c9300000| Untracked 
| 148|0x00000000c9400000, 0x00000000c9400000, 0x00000000c9500000|  0%| F|  |TAMS 0x00000000c9400000, 0x00000000c9400000| Untracked 
| 149|0x00000000c9500000, 0x00000000c9500000, 0x00000000c9600000|  0%| F|  |TAMS 0x00000000c9500000, 0x00000000c9500000| Untracked 
| 150|0x00000000c9600000, 0x00000000c9600000, 0x00000000c9700000|  0%| F|  |TAMS 0x00000000c9600000, 0x00000000c9600000| Untracked 
| 151|0x00000000c9700000, 0x00000000c9700000, 0x00000000c9800000|  0%| F|  |TAMS 0x00000000c9700000, 0x00000000c9700000| Untracked 
| 152|0x00000000c9800000, 0x00000000c9800000, 0x00000000c9900000|  0%| F|  |TAMS 0x00000000c9800000, 0x00000000c9800000| Untracked 
| 153|0x00000000c9900000, 0x00000000c9900000, 0x00000000c9a00000|  0%| F|  |TAMS 0x00000000c9900000, 0x00000000c9900000| Untracked 
| 154|0x00000000c9a00000, 0x00000000c9a00000, 0x00000000c9b00000|  0%| F|  |TAMS 0x00000000c9a00000, 0x00000000c9a00000| Untracked 
| 155|0x00000000c9b00000, 0x00000000c9b00000, 0x00000000c9c00000|  0%| F|  |TAMS 0x00000000c9b00000, 0x00000000c9b00000| Untracked 
| 156|0x00000000c9c00000, 0x00000000c9c00000, 0x00000000c9d00000|  0%| F|  |TAMS 0x00000000c9c00000, 0x00000000c9c00000| Untracked 
| 157|0x00000000c9d00000, 0x00000000c9d00000, 0x00000000c9e00000|  0%| F|  |TAMS 0x00000000c9d00000, 0x00000000c9d00000| Untracked 
| 158|0x00000000c9e00000, 0x00000000c9e00000, 0x00000000c9f00000|  0%| F|  |TAMS 0x00000000c9e00000, 0x00000000c9e00000| Untracked 
| 159|0x00000000c9f00000, 0x00000000c9f00000, 0x00000000ca000000|  0%| F|  |TAMS 0x00000000c9f00000, 0x00000000c9f00000| Untracked 
| 160|0x00000000ca000000, 0x00000000ca000000, 0x00000000ca100000|  0%| F|  |TAMS 0x00000000ca000000, 0x00000000ca000000| Untracked 
| 161|0x00000000ca100000, 0x00000000ca100000, 0x00000000ca200000|  0%| F|  |TAMS 0x00000000ca100000, 0x00000000ca100000| Untracked 
| 162|0x00000000ca200000, 0x00000000ca200000, 0x00000000ca300000|  0%| F|  |TAMS 0x00000000ca200000, 0x00000000ca200000| Untracked 
| 163|0x00000000ca300000, 0x00000000ca300000, 0x00000000ca400000|  0%| F|  |TAMS 0x00000000ca300000, 0x00000000ca300000| Untracked 
| 164|0x00000000ca400000, 0x00000000ca400000, 0x00000000ca500000|  0%| F|  |TAMS 0x00000000ca400000, 0x00000000ca400000| Untracked 
| 165|0x00000000ca500000, 0x00000000ca500000, 0x00000000ca600000|  0%| F|  |TAMS 0x00000000ca500000, 0x00000000ca500000| Untracked 
| 166|0x00000000ca600000, 0x00000000ca600000, 0x00000000ca700000|  0%| F|  |TAMS 0x00000000ca600000, 0x00000000ca600000| Untracked 
| 167|0x00000000ca700000, 0x00000000ca700000, 0x00000000ca800000|  0%| F|  |TAMS 0x00000000ca700000, 0x00000000ca700000| Untracked 
| 168|0x00000000ca800000, 0x00000000ca800000, 0x00000000ca900000|  0%| F|  |TAMS 0x00000000ca800000, 0x00000000ca800000| Untracked 
| 169|0x00000000ca900000, 0x00000000ca900000, 0x00000000caa00000|  0%| F|  |TAMS 0x00000000ca900000, 0x00000000ca900000| Untracked 
| 170|0x00000000caa00000, 0x00000000caa00000, 0x00000000cab00000|  0%| F|  |TAMS 0x00000000caa00000, 0x00000000caa00000| Untracked 
| 171|0x00000000cab00000, 0x00000000cab00000, 0x00000000cac00000|  0%| F|  |TAMS 0x00000000cab00000, 0x00000000cab00000| Untracked 
| 172|0x00000000cac00000, 0x00000000cac00000, 0x00000000cad00000|  0%| F|  |TAMS 0x00000000cac00000, 0x00000000cac00000| Untracked 
| 173|0x00000000cad00000, 0x00000000cad00000, 0x00000000cae00000|  0%| F|  |TAMS 0x00000000cad00000, 0x00000000cad00000| Untracked 
| 174|0x00000000cae00000, 0x00000000cae00000, 0x00000000caf00000|  0%| F|  |TAMS 0x00000000cae00000, 0x00000000cae00000| Untracked 
| 175|0x00000000caf00000, 0x00000000caf00000, 0x00000000cb000000|  0%| F|  |TAMS 0x00000000caf00000, 0x00000000caf00000| Untracked 
| 176|0x00000000cb000000, 0x00000000cb000000, 0x00000000cb100000|  0%| F|  |TAMS 0x00000000cb000000, 0x00000000cb000000| Untracked 
| 177|0x00000000cb100000, 0x00000000cb100000, 0x00000000cb200000|  0%| F|  |TAMS 0x00000000cb100000, 0x00000000cb100000| Untracked 
| 178|0x00000000cb200000, 0x00000000cb200000, 0x00000000cb300000|  0%| F|  |TAMS 0x00000000cb200000, 0x00000000cb200000| Untracked 
| 179|0x00000000cb300000, 0x00000000cb300000, 0x00000000cb400000|  0%| F|  |TAMS 0x00000000cb300000, 0x00000000cb300000| Untracked 
| 180|0x00000000cb400000, 0x00000000cb400000, 0x00000000cb500000|  0%| F|  |TAMS 0x00000000cb400000, 0x00000000cb400000| Untracked 
| 181|0x00000000cb500000, 0x00000000cb500000, 0x00000000cb600000|  0%| F|  |TAMS 0x00000000cb500000, 0x00000000cb500000| Untracked 
| 182|0x00000000cb600000, 0x00000000cb600000, 0x00000000cb700000|  0%| F|  |TAMS 0x00000000cb600000, 0x00000000cb600000| Untracked 
| 183|0x00000000cb700000, 0x00000000cb700000, 0x00000000cb800000|  0%| F|  |TAMS 0x00000000cb700000, 0x00000000cb700000| Untracked 
| 184|0x00000000cb800000, 0x00000000cb800000, 0x00000000cb900000|  0%| F|  |TAMS 0x00000000cb800000, 0x00000000cb800000| Untracked 
| 185|0x00000000cb900000, 0x00000000cb900000, 0x00000000cba00000|  0%| F|  |TAMS 0x00000000cb900000, 0x00000000cb900000| Untracked 
| 186|0x00000000cba00000, 0x00000000cba00000, 0x00000000cbb00000|  0%| F|  |TAMS 0x00000000cba00000, 0x00000000cba00000| Untracked 
| 187|0x00000000cbb00000, 0x00000000cbb00000, 0x00000000cbc00000|  0%| F|  |TAMS 0x00000000cbb00000, 0x00000000cbb00000| Untracked 
| 188|0x00000000cbc00000, 0x00000000cbc00000, 0x00000000cbd00000|  0%| F|  |TAMS 0x00000000cbc00000, 0x00000000cbc00000| Untracked 
| 189|0x00000000cbd00000, 0x00000000cbd00000, 0x00000000cbe00000|  0%| F|  |TAMS 0x00000000cbd00000, 0x00000000cbd00000| Untracked 
| 190|0x00000000cbe00000, 0x00000000cbe00000, 0x00000000cbf00000|  0%| F|  |TAMS 0x00000000cbe00000, 0x00000000cbe00000| Untracked 
| 191|0x00000000cbf00000, 0x00000000cbf00000, 0x00000000cc000000|  0%| F|  |TAMS 0x00000000cbf00000, 0x00000000cbf00000| Untracked 
| 192|0x00000000cc000000, 0x00000000cc000000, 0x00000000cc100000|  0%| F|  |TAMS 0x00000000cc000000, 0x00000000cc000000| Untracked 
| 193|0x00000000cc100000, 0x00000000cc100000, 0x00000000cc200000|  0%| F|  |TAMS 0x00000000cc100000, 0x00000000cc100000| Untracked 
| 194|0x00000000cc200000, 0x00000000cc200000, 0x00000000cc300000|  0%| F|  |TAMS 0x00000000cc200000, 0x00000000cc200000| Untracked 
| 195|0x00000000cc300000, 0x00000000cc300000, 0x00000000cc400000|  0%| F|  |TAMS 0x00000000cc300000, 0x00000000cc300000| Untracked 
| 196|0x00000000cc400000, 0x00000000cc400000, 0x00000000cc500000|  0%| F|  |TAMS 0x00000000cc400000, 0x00000000cc400000| Untracked 
| 197|0x00000000cc500000, 0x00000000cc500000, 0x00000000cc600000|  0%| F|  |TAMS 0x00000000cc500000, 0x00000000cc500000| Untracked 
| 198|0x00000000cc600000, 0x00000000cc600000, 0x00000000cc700000|  0%| F|  |TAMS 0x00000000cc600000, 0x00000000cc600000| Untracked 
| 199|0x00000000cc700000, 0x00000000cc700000, 0x00000000cc800000|  0%| F|  |TAMS 0x00000000cc700000, 0x00000000cc700000| Untracked 
| 200|0x00000000cc800000, 0x00000000cc800000, 0x00000000cc900000|  0%| F|  |TAMS 0x00000000cc800000, 0x00000000cc800000| Untracked 
| 201|0x00000000cc900000, 0x00000000cc900000, 0x00000000cca00000|  0%| F|  |TAMS 0x00000000cc900000, 0x00000000cc900000| Untracked 
| 202|0x00000000cca00000, 0x00000000cca00000, 0x00000000ccb00000|  0%| F|  |TAMS 0x00000000cca00000, 0x00000000cca00000| Untracked 
| 203|0x00000000ccb00000, 0x00000000ccb00000, 0x00000000ccc00000|  0%| F|  |TAMS 0x00000000ccb00000, 0x00000000ccb00000| Untracked 
| 204|0x00000000ccc00000, 0x00000000ccc00000, 0x00000000ccd00000|  0%| F|  |TAMS 0x00000000ccc00000, 0x00000000ccc00000| Untracked 
| 205|0x00000000ccd00000, 0x00000000ccd00000, 0x00000000cce00000|  0%| F|  |TAMS 0x00000000ccd00000, 0x00000000ccd00000| Untracked 
| 206|0x00000000cce00000, 0x00000000cce00000, 0x00000000ccf00000|  0%| F|  |TAMS 0x00000000cce00000, 0x00000000cce00000| Untracked 
| 207|0x00000000ccf00000, 0x00000000ccf00000, 0x00000000cd000000|  0%| F|  |TAMS 0x00000000ccf00000, 0x00000000ccf00000| Untracked 
| 208|0x00000000cd000000, 0x00000000cd000000, 0x00000000cd100000|  0%| F|  |TAMS 0x00000000cd000000, 0x00000000cd000000| Untracked 
| 209|0x00000000cd100000, 0x00000000cd100000, 0x00000000cd200000|  0%| F|  |TAMS 0x00000000cd100000, 0x00000000cd100000| Untracked 
| 210|0x00000000cd200000, 0x00000000cd200000, 0x00000000cd300000|  0%| F|  |TAMS 0x00000000cd200000, 0x00000000cd200000| Untracked 
| 211|0x00000000cd300000, 0x00000000cd300000, 0x00000000cd400000|  0%| F|  |TAMS 0x00000000cd300000, 0x00000000cd300000| Untracked 
| 212|0x00000000cd400000, 0x00000000cd400000, 0x00000000cd500000|  0%| F|  |TAMS 0x00000000cd400000, 0x00000000cd400000| Untracked 
| 213|0x00000000cd500000, 0x00000000cd500000, 0x00000000cd600000|  0%| F|  |TAMS 0x00000000cd500000, 0x00000000cd500000| Untracked 
| 214|0x00000000cd600000, 0x00000000cd600000, 0x00000000cd700000|  0%| F|  |TAMS 0x00000000cd600000, 0x00000000cd600000| Untracked 
| 215|0x00000000cd700000, 0x00000000cd700000, 0x00000000cd800000|  0%| F|  |TAMS 0x00000000cd700000, 0x00000000cd700000| Untracked 
| 216|0x00000000cd800000, 0x00000000cd800000, 0x00000000cd900000|  0%| F|  |TAMS 0x00000000cd800000, 0x00000000cd800000| Untracked 
| 217|0x00000000cd900000, 0x00000000cd900000, 0x00000000cda00000|  0%| F|  |TAMS 0x00000000cd900000, 0x00000000cd900000| Untracked 
| 218|0x00000000cda00000, 0x00000000cda00000, 0x00000000cdb00000|  0%| F|  |TAMS 0x00000000cda00000, 0x00000000cda00000| Untracked 
| 219|0x00000000cdb00000, 0x00000000cdb00000, 0x00000000cdc00000|  0%| F|  |TAMS 0x00000000cdb00000, 0x00000000cdb00000| Untracked 
| 220|0x00000000cdc00000, 0x00000000cdc00000, 0x00000000cdd00000|  0%| F|  |TAMS 0x00000000cdc00000, 0x00000000cdc00000| Untracked 
| 221|0x00000000cdd00000, 0x00000000cdd00000, 0x00000000cde00000|  0%| F|  |TAMS 0x00000000cdd00000, 0x00000000cdd00000| Untracked 
| 222|0x00000000cde00000, 0x00000000cde00000, 0x00000000cdf00000|  0%| F|  |TAMS 0x00000000cde00000, 0x00000000cde00000| Untracked 
| 223|0x00000000cdf00000, 0x00000000cdf00000, 0x00000000ce000000|  0%| F|  |TAMS 0x00000000cdf00000, 0x00000000cdf00000| Untracked 
| 224|0x00000000ce000000, 0x00000000ce000000, 0x00000000ce100000|  0%| F|  |TAMS 0x00000000ce000000, 0x00000000ce000000| Untracked 
| 225|0x00000000ce100000, 0x00000000ce100000, 0x00000000ce200000|  0%| F|  |TAMS 0x00000000ce100000, 0x00000000ce100000| Untracked 
| 226|0x00000000ce200000, 0x00000000ce200000, 0x00000000ce300000|  0%| F|  |TAMS 0x00000000ce200000, 0x00000000ce200000| Untracked 
| 227|0x00000000ce300000, 0x00000000ce300000, 0x00000000ce400000|  0%| F|  |TAMS 0x00000000ce300000, 0x00000000ce300000| Untracked 
| 228|0x00000000ce400000, 0x00000000ce400000, 0x00000000ce500000|  0%| F|  |TAMS 0x00000000ce400000, 0x00000000ce400000| Untracked 
| 229|0x00000000ce500000, 0x00000000ce500000, 0x00000000ce600000|  0%| F|  |TAMS 0x00000000ce500000, 0x00000000ce500000| Untracked 
| 230|0x00000000ce600000, 0x00000000ce600000, 0x00000000ce700000|  0%| F|  |TAMS 0x00000000ce600000, 0x00000000ce600000| Untracked 
| 231|0x00000000ce700000, 0x00000000ce700000, 0x00000000ce800000|  0%| F|  |TAMS 0x00000000ce700000, 0x00000000ce700000| Untracked 
| 232|0x00000000ce800000, 0x00000000ce800000, 0x00000000ce900000|  0%| F|  |TAMS 0x00000000ce800000, 0x00000000ce800000| Untracked 
| 233|0x00000000ce900000, 0x00000000ce900000, 0x00000000cea00000|  0%| F|  |TAMS 0x00000000ce900000, 0x00000000ce900000| Untracked 
| 234|0x00000000cea00000, 0x00000000cea00000, 0x00000000ceb00000|  0%| F|  |TAMS 0x00000000cea00000, 0x00000000cea00000| Untracked 
| 235|0x00000000ceb00000, 0x00000000ceb00000, 0x00000000cec00000|  0%| F|  |TAMS 0x00000000ceb00000, 0x00000000ceb00000| Untracked 
| 236|0x00000000cec00000, 0x00000000cec00000, 0x00000000ced00000|  0%| F|  |TAMS 0x00000000cec00000, 0x00000000cec00000| Untracked 
| 237|0x00000000ced00000, 0x00000000ced00000, 0x00000000cee00000|  0%| F|  |TAMS 0x00000000ced00000, 0x00000000ced00000| Untracked 
| 238|0x00000000cee00000, 0x00000000cee00000, 0x00000000cef00000|  0%| F|  |TAMS 0x00000000cee00000, 0x00000000cee00000| Untracked 
| 239|0x00000000cef00000, 0x00000000cef00000, 0x00000000cf000000|  0%| F|  |TAMS 0x00000000cef00000, 0x00000000cef00000| Untracked 
| 240|0x00000000cf000000, 0x00000000cf000000, 0x00000000cf100000|  0%| F|  |TAMS 0x00000000cf000000, 0x00000000cf000000| Untracked 
| 241|0x00000000cf100000, 0x00000000cf100000, 0x00000000cf200000|  0%| F|  |TAMS 0x00000000cf100000, 0x00000000cf100000| Untracked 
| 242|0x00000000cf200000, 0x00000000cf200000, 0x00000000cf300000|  0%| F|  |TAMS 0x00000000cf200000, 0x00000000cf200000| Untracked 
| 243|0x00000000cf300000, 0x00000000cf300000, 0x00000000cf400000|  0%| F|  |TAMS 0x00000000cf300000, 0x00000000cf300000| Untracked 
| 244|0x00000000cf400000, 0x00000000cf400000, 0x00000000cf500000|  0%| F|  |TAMS 0x00000000cf400000, 0x00000000cf400000| Untracked 
| 245|0x00000000cf500000, 0x00000000cf500000, 0x00000000cf600000|  0%| F|  |TAMS 0x00000000cf500000, 0x00000000cf500000| Untracked 
| 246|0x00000000cf600000, 0x00000000cf600000, 0x00000000cf700000|  0%| F|  |TAMS 0x00000000cf600000, 0x00000000cf600000| Untracked 
| 247|0x00000000cf700000, 0x00000000cf700000, 0x00000000cf800000|  0%| F|  |TAMS 0x00000000cf700000, 0x00000000cf700000| Untracked 
| 248|0x00000000cf800000, 0x00000000cf800000, 0x00000000cf900000|  0%| F|  |TAMS 0x00000000cf800000, 0x00000000cf800000| Untracked 
| 249|0x00000000cf900000, 0x00000000cf900000, 0x00000000cfa00000|  0%| F|  |TAMS 0x00000000cf900000, 0x00000000cf900000| Untracked 
| 250|0x00000000cfa00000, 0x00000000cfa00000, 0x00000000cfb00000|  0%| F|  |TAMS 0x00000000cfa00000, 0x00000000cfa00000| Untracked 
| 251|0x00000000cfb00000, 0x00000000cfc00000, 0x00000000cfc00000|100%| E|  |TAMS 0x00000000cfb00000, 0x00000000cfb00000| Complete 
| 252|0x00000000cfc00000, 0x00000000cfd00000, 0x00000000cfd00000|100%| E|CS|TAMS 0x00000000cfc00000, 0x00000000cfc00000| Complete 
| 253|0x00000000cfd00000, 0x00000000cfe00000, 0x00000000cfe00000|100%| E|CS|TAMS 0x00000000cfd00000, 0x00000000cfd00000| Complete 
| 254|0x00000000cfe00000, 0x00000000cff00000, 0x00000000cff00000|100%| E|  |TAMS 0x00000000cfe00000, 0x00000000cfe00000| Complete 
| 255|0x00000000cff00000, 0x00000000d0000000, 0x00000000d0000000|100%| E|CS|TAMS 0x00000000cff00000, 0x00000000cff00000| Complete 

Card table byte_map: [0x000002294dad0000,0x000002294dcd0000] _byte_map_base: 0x000002294d4d0000

Marking Bits (Prev, Next): (CMBitMap*) 0x0000022930690a60, (CMBitMap*) 0x0000022930690aa0
 Prev Bits: [0x000002294ded0000, 0x000002294eed0000)
 Next Bits: [0x000002294eed0000, 0x000002294fed0000)

Polling page: 0x0000022934f00000

Metaspace:

Usage:
  Non-class:      1.06 MB used.
      Class:     98.33 KB used.
       Both:      1.16 MB used.

Virtual space:
  Non-class space:        8.00 MB reserved,       1.12 MB ( 14%) committed,  1 nodes.
      Class space:        1.00 GB reserved,     192.00 KB ( <1%) committed,  1 nodes.
              Both:        1.01 GB reserved,       1.31 MB ( <1%) committed. 

Chunk freelists:
   Non-Class:  3.90 MB
       Class:  3.73 MB
        Both:  7.63 MB

MaxMetaspaceSize: 17179869184.00 GB
CompressedClassSpaceSize: 1.00 GB
 - commit_granule_bytes: 65536.
 - commit_granule_words: 8192.
 - virtual_space_node_default_size: 1048576.
 - enlarge_chunks_in_place: 1.
 - new_chunks_are_fully_committed: 0.
 - uncommit_free_chunks: 1.
 - use_allocation_guard: 0.
 - handle_deallocations: 1.


Internal statistics:

num_allocs_failed_limit: 0.
num_arena_births: 10.
num_arena_deaths: 0.
num_vsnodes_births: 2.
num_vsnodes_deaths: 0.
num_space_committed: 21.
num_space_uncommitted: 0.
num_chunks_returned_to_freelist: 0.
num_chunks_taken_from_freelist: 21.
num_chunk_merges: 0.
num_chunk_splits: 10.
num_chunks_enlarged: 8.
num_purges: 0.

CodeHeap 'non-profiled nmethods': size=120000Kb used=76Kb max_used=76Kb free=119923Kb
 bounds [0x0000022945940000, 0x0000022945bb0000, 0x000002294ce70000]
CodeHeap 'profiled nmethods': size=120000Kb used=446Kb max_used=446Kb free=119553Kb
 bounds [0x000002293e410000, 0x000002293e680000, 0x0000022945940000]
CodeHeap 'non-nmethods': size=5760Kb used=1123Kb max_used=1138Kb free=4636Kb
 bounds [0x000002293de70000, 0x000002293e0e0000, 0x000002293e410000]
 total_blobs=717 nmethods=318 adapters=312
 compilation: enabled
              stopped_count=0, restarted_count=0
 full_count=0

Compilation events (20 events):
Event: 0.235 Thread 0x000002293083f350 nmethod 306 0x000002293e479490 code [0x000002293e479700, 0x000002293e47a028]
Event: 0.235 Thread 0x000002293083f350  305       3       java.util.StringJoiner::<init> (63 bytes)
Event: 0.236 Thread 0x000002293083f350 nmethod 305 0x000002293e47a410 code [0x000002293e47a660, 0x000002293e47afe8]
Event: 0.236 Thread 0x000002293083f350  307       1       java.util.stream.ReferencePipeline$StatelessOp::opIsStateful (2 bytes)
Event: 0.236 Thread 0x000002293083f350 nmethod 307 0x0000022945951890 code [0x0000022945951a20, 0x0000022945951af8]
Event: 0.236 Thread 0x000002293083f350  308       1       java.util.stream.Collectors$CollectorImpl::supplier (5 bytes)
Event: 0.236 Thread 0x000002293083f350 nmethod 308 0x0000022945951b90 code [0x0000022945951d20, 0x0000022945951df8]
Event: 0.236 Thread 0x000002293083f350  309       1       java.util.stream.Collectors$CollectorImpl::accumulator (5 bytes)
Event: 0.236 Thread 0x000002293083f350 nmethod 309 0x0000022945951e90 code [0x0000022945952020, 0x00000229459520f8]
Event: 0.236 Thread 0x000002293083f350  310       1       java.util.stream.Collectors$CollectorImpl::combiner (5 bytes)
Event: 0.236 Thread 0x000002293083f350 nmethod 310 0x0000022945952190 code [0x0000022945952320, 0x00000229459523f8]
Event: 0.236 Thread 0x000002293083f350  311       1       java.util.stream.AbstractPipeline::getStreamAndOpFlags (5 bytes)
Event: 0.236 Thread 0x000002293083f350 nmethod 311 0x0000022945952490 code [0x0000022945952620, 0x00000229459526f8]
Event: 0.236 Thread 0x000002293083f350  312       1       java.util.stream.ReduceOps$Box::get (5 bytes)
Event: 0.236 Thread 0x000002293083f350 nmethod 312 0x0000022945952790 code [0x0000022945952920, 0x00000229459529f8]
Event: 0.236 Thread 0x000002293083f350  313       1       java.util.stream.Collectors$CollectorImpl::finisher (5 bytes)
Event: 0.236 Thread 0x000002293083f350 nmethod 313 0x0000022945952a90 code [0x0000022945952c20, 0x0000022945952cf8]
Event: 0.237 Thread 0x000002293083f350  314       3       jdk.internal.org.objectweb.asm.SymbolTable::addConstantMemberReference (147 bytes)
Event: 0.237 Thread 0x000002293083f350 nmethod 314 0x000002293e47b310 code [0x000002293e47b5a0, 0x000002293e47be88]
Event: 0.237 Thread 0x000002293083f350  316       3       jdk.internal.org.objectweb.asm.Type::getArgumentsAndReturnSizes (140 bytes)

GC Heap History (0 events):
No events

Deoptimization events (0 events):
No events

Classes unloaded (0 events):
No events

Classes redefined (0 events):
No events

Internal exceptions (6 events):
Event: 0.063 Thread 0x000002293324bee0 Exception <a 'java/io/IOException'{0x00000000cfe02518}: Bad pathname> (0x00000000cfe02518) 
thrown [t:\workspace\open\src\hotspot\share\prims\jni.cpp, line 600]
Event: 0.072 Thread 0x000002293324bee0 Exception <a 'java/io/IOException'{0x00000000cfe05e58}: Bad pathname> (0x00000000cfe05e58) 
thrown [t:\workspace\open\src\hotspot\share\prims\jni.cpp, line 600]
Event: 0.114 Thread 0x000002293324bee0 Exception <a 'java/lang/NoClassDefFoundError'{0x00000000cfd70080}: org/jpype/classloader/DynamicClassLoader> (0x00000000cfd70080) 
thrown [t:\workspace\open\src\hotspot\share\classfile\systemDictionary.cpp, line 245]
Event: 0.196 Thread 0x000002293324bee0 Exception <a 'java/lang/NoSuchMethodError'{0x00000000cfc3da78}: 'java.lang.Object java.lang.invoke.DirectMethodHandle$Holder.invokeInterface(java.lang.Object, java.lang.Object)'> (0x00000000cfc3da78) 
thrown [t:\workspace\open\src\hotspot\share\interpreter\linkResolver.cpp, line 790]
Event: 0.197 Thread 0x000002293324bee0 Exception <a 'java/lang/IncompatibleClassChangeError'{0x00000000cfc413f0}: Found class java.lang.Object, but interface was expected> (0x00000000cfc413f0) 
thrown [t:\workspace\open\src\hotspot\share\interpreter\linkResolver.cpp, line 857]
Event: 0.214 Thread 0x0000022933248470 Exception <a 'java/lang/InterruptedException'{0x00000000cfbec0e0}> (0x00000000cfbec0e0) 
thrown [t:\workspace\open\src\hotspot\share\runtime\objectMonitor.cpp, line 1705]

Events (20 events):
Event: 0.226 loading class jdk/internal/reflect/ClassFileAssembler
Event: 0.226 loading class jdk/internal/reflect/ClassFileAssembler done
Event: 0.227 loading class jdk/internal/reflect/UTF8
Event: 0.227 loading class jdk/internal/reflect/UTF8 done
Event: 0.227 loading class jdk/internal/reflect/Label
Event: 0.227 loading class jdk/internal/reflect/Label done
Event: 0.227 loading class jdk/internal/reflect/Label$PatchInfo
Event: 0.227 loading class jdk/internal/reflect/Label$PatchInfo done
Event: 0.227 loading class jdk/internal/reflect/MethodAccessorGenerator$1
Event: 0.227 loading class jdk/internal/reflect/MethodAccessorGenerator$1 done
Event: 0.227 loading class jdk/internal/reflect/ClassDefiner
Event: 0.227 loading class jdk/internal/reflect/ClassDefiner done
Event: 0.227 loading class jdk/internal/reflect/ClassDefiner$1
Event: 0.227 loading class jdk/internal/reflect/ClassDefiner$1 done
Event: 0.228 loading class jdk/internal/reflect/BootstrapConstructorAccessorImpl
Event: 0.228 loading class jdk/internal/reflect/BootstrapConstructorAccessorImpl done
Event: 0.235 loading class java/lang/Deprecated
Event: 0.235 loading class java/lang/Deprecated done
Event: 0.235 loading class java/lang/annotation/Documented
Event: 0.235 loading class java/lang/annotation/Documented done


Dynamic libraries:
0x00007ff7ba330000 - 0x00007ff7ba34c000 	D:\IDE\anaconda3\envs\project_ask\python.exe
0x00007ffb30b10000 - 0x00007ffb30d05000 	C:\Windows\SYSTEM32\ntdll.dll
0x00007ffb2f660000 - 0x00007ffb2f71d000 	C:\Windows\System32\KERNEL32.DLL
0x00007ffb2e6a0000 - 0x00007ffb2e969000 	C:\Windows\System32\KERNELBASE.dll
0x00007ffb2a880000 - 0x00007ffb2a910000 	C:\Windows\SYSTEM32\apphelp.dll
0x00007ffb2e970000 - 0x00007ffb2ea70000 	C:\Windows\System32\ucrtbase.dll
0x00007ffaac740000 - 0x00007ffaacb72000 	D:\IDE\anaconda3\envs\project_ask\python38.dll
0x00007ffb29750000 - 0x00007ffb29769000 	D:\IDE\anaconda3\envs\project_ask\VCRUNTIME140.dll
0x00007ffb2f880000 - 0x00007ffb2f8d5000 	C:\Windows\System32\SHLWAPI.dll
0x00007ffb306e0000 - 0x00007ffb3077e000 	C:\Windows\System32\msvcrt.dll
0x00007ffb2f8e0000 - 0x00007ffb2f94b000 	C:\Windows\System32\WS2_32.dll
0x00007ffb2f530000 - 0x00007ffb2f65a000 	C:\Windows\System32\RPCRT4.dll
0x00007ffb25e20000 - 0x00007ffb25e2a000 	C:\Windows\SYSTEM32\VERSION.dll
0x00007ffb2f740000 - 0x00007ffb2f7ec000 	C:\Windows\System32\ADVAPI32.dll
0x00007ffb305e0000 - 0x00007ffb3067b000 	C:\Windows\System32\sechost.dll
0x00007ffb2dc20000 - 0x00007ffb2dc38000 	C:\Windows\SYSTEM32\CRYPTSP.dll
0x00007ffb2d310000 - 0x00007ffb2d344000 	C:\Windows\system32\rsaenh.dll
0x00007ffb2e570000 - 0x00007ffb2e597000 	C:\Windows\System32\bcrypt.dll
0x00007ffb2db40000 - 0x00007ffb2db4c000 	C:\Windows\SYSTEM32\CRYPTBASE.dll
0x00007ffb2e2e0000 - 0x00007ffb2e363000 	C:\Windows\System32\bcryptPrimitives.dll
0x00007ffb296b0000 - 0x00007ffb296bf000 	D:\IDE\anaconda3\envs\project_ask\python3.DLL
0x00007ffb29690000 - 0x00007ffb296a6000 	D:\IDE\anaconda3\envs\project_ask\DLLs\_socket.pyd
0x00007ffb2d680000 - 0x00007ffb2d6bb000 	C:\Windows\SYSTEM32\IPHLPAPI.DLL
0x00007ffb14510000 - 0x00007ffb14519000 	D:\IDE\anaconda3\envs\project_ask\DLLs\select.pyd
0x00007ffb075a0000 - 0x00007ffb075c7000 	D:\IDE\anaconda3\envs\project_ask\DLLs\_ssl.pyd
0x00007ffb2e410000 - 0x00007ffb2e56f000 	C:\Windows\System32\CRYPT32.dll
0x00007ffaf2330000 - 0x00007ffaf23dc000 	D:\IDE\anaconda3\envs\project_ask\Library\bin\libssl-1_1-x64.dll
0x00007ffaac1a0000 - 0x00007ffaac4ec000 	D:\IDE\anaconda3\envs\project_ask\Library\bin\libcrypto-1_1-x64.dll
0x00007ffb2f1e0000 - 0x00007ffb2f380000 	C:\Windows\System32\USER32.dll
0x00007ffb2e2b0000 - 0x00007ffb2e2d2000 	C:\Windows\System32\win32u.dll
0x00007ffb2f950000 - 0x00007ffb2f97a000 	C:\Windows\System32\GDI32.dll
0x00007ffb2ea70000 - 0x00007ffb2eb7b000 	C:\Windows\System32\gdi32full.dll
0x00007ffb2e370000 - 0x00007ffb2e40d000 	C:\Windows\System32\msvcp_win.dll
0x00007ffb2fe70000 - 0x00007ffb2fea0000 	C:\Windows\System32\IMM32.DLL
0x00007ffb07570000 - 0x00007ffb0759d000 	D:\IDE\anaconda3\envs\project_ask\DLLs\_elementtree.pyd
0x00007ffaf3970000 - 0x00007ffaf39a1000 	D:\IDE\anaconda3\envs\project_ask\DLLs\pyexpat.pyd
0x00007ffb0c4c0000 - 0x00007ffb0c4cd000 	D:\IDE\anaconda3\envs\project_ask\DLLs\_hashlib.pyd
0x00007ffb07550000 - 0x00007ffb07567000 	D:\IDE\anaconda3\envs\project_ask\DLLs\_bz2.pyd
0x00007ffaf7520000 - 0x00007ffaf754a000 	D:\IDE\anaconda3\envs\project_ask\DLLs\_lzma.pyd
0x00007ffaa6d40000 - 0x00007ffaa711c000 	D:\IDE\anaconda3\envs\project_ask\lib\site-packages\lxml\etree.cp38-win_amd64.pyd
0x00007ffaf3770000 - 0x00007ffaf379c000 	D:\IDE\anaconda3\envs\project_ask\lib\site-packages\lxml\_elementpath.cp38-win_amd64.pyd
0x00007ffb2d9c0000 - 0x00007ffb2da2a000 	C:\Windows\system32\mswsock.dll
0x00007ffb0c400000 - 0x00007ffb0c409000 	D:\IDE\anaconda3\envs\project_ask\DLLs\_queue.pyd
0x00007ffaecae0000 - 0x00007ffaecbee000 	D:\IDE\anaconda3\envs\project_ask\DLLs\unicodedata.pyd
0x00007ffb00910000 - 0x00007ffb00930000 	D:\IDE\anaconda3\envs\project_ask\DLLs\_ctypes.pyd
0x00007ffb30820000 - 0x00007ffb3094a000 	C:\Windows\System32\ole32.dll
0x00007ffb2f980000 - 0x00007ffb2fcd5000 	C:\Windows\System32\combase.dll
0x00007ffb30950000 - 0x00007ffb30a1d000 	C:\Windows\System32\OLEAUT32.dll
0x00007ffb038f0000 - 0x00007ffb038fb000 	D:\IDE\anaconda3\envs\project_ask\DLLs\libffi-7.dll
0x0000000066d80000 - 0x0000000068b11000 	D:\IDE\anaconda3\envs\project_ask\lib\site-packages\numpy\.libs\libopenblas.WCDJNK7YVMPZQ2ME2ZZHJJRJ3JIKNDB7.gfortran-win_amd64.dll
0x00007ffaa75e0000 - 0x00007ffaa78a9000 	D:\IDE\anaconda3\envs\project_ask\lib\site-packages\numpy\core\_multiarray_umath.cp38-win_amd64.pyd
0x00007ffaff010000 - 0x00007ffaff02f000 	D:\IDE\anaconda3\envs\project_ask\lib\site-packages\numpy\core\_multiarray_tests.cp38-win_amd64.pyd
0x00007ffb02fa0000 - 0x00007ffb02fa9000 	D:\IDE\anaconda3\envs\project_ask\lib\site-packages\numpy\linalg\lapack_lite.cp38-win_amd64.pyd
0x00007ffaf2dc0000 - 0x00007ffaf2dea000 	D:\IDE\anaconda3\envs\project_ask\lib\site-packages\numpy\linalg\_umath_linalg.cp38-win_amd64.pyd
0x00007ffaf2bb0000 - 0x00007ffaf2bf3000 	D:\IDE\anaconda3\envs\project_ask\DLLs\_decimal.pyd
0x00007ffafbfa0000 - 0x00007ffafbfc0000 	D:\IDE\anaconda3\envs\project_ask\lib\site-packages\numpy\fft\_pocketfft_internal.cp38-win_amd64.pyd
0x00007ffaea630000 - 0x00007ffaea6c0000 	D:\IDE\anaconda3\envs\project_ask\lib\site-packages\numpy\random\mtrand.cp38-win_amd64.pyd
0x00007ffaf2910000 - 0x00007ffaf2939000 	D:\IDE\anaconda3\envs\project_ask\lib\site-packages\numpy\random\bit_generator.cp38-win_amd64.pyd
0x00007ffaf22f0000 - 0x00007ffaf2322000 	D:\IDE\anaconda3\envs\project_ask\lib\site-packages\numpy\random\_common.cp38-win_amd64.pyd
0x00007ffaeded0000 - 0x00007ffaedf10000 	D:\IDE\anaconda3\envs\project_ask\lib\site-packages\numpy\random\_bounded_integers.cp38-win_amd64.pyd
0x00007ffaf3950000 - 0x00007ffaf3968000 	D:\IDE\anaconda3\envs\project_ask\lib\site-packages\numpy\random\_mt19937.cp38-win_amd64.pyd
0x00007ffaf2a20000 - 0x00007ffaf2a37000 	D:\IDE\anaconda3\envs\project_ask\lib\site-packages\numpy\random\_philox.cp38-win_amd64.pyd
0x00007ffaf28f0000 - 0x00007ffaf2905000 	D:\IDE\anaconda3\envs\project_ask\lib\site-packages\numpy\random\_pcg64.cp38-win_amd64.pyd
0x00007ffaf26a0000 - 0x00007ffaf26b2000 	D:\IDE\anaconda3\envs\project_ask\lib\site-packages\numpy\random\_sfc64.cp38-win_amd64.pyd
0x00007ffad96f0000 - 0x00007ffad9795000 	D:\IDE\anaconda3\envs\project_ask\lib\site-packages\numpy\random\_generator.cp38-win_amd64.pyd
0x00007ffab4bc0000 - 0x00007ffab4ccb000 	D:\IDE\anaconda3\envs\project_ask\lib\site-packages\pandas\_libs\interval.cp38-win_amd64.pyd
0x00007ffaadc80000 - 0x00007ffaadd78000 	D:\IDE\anaconda3\envs\project_ask\lib\site-packages\pandas\_libs\hashtable.cp38-win_amd64.pyd
0x00007ffaedea0000 - 0x00007ffaedecc000 	D:\IDE\anaconda3\envs\project_ask\lib\site-packages\pandas\_libs\missing.cp38-win_amd64.pyd
0x00007ffaf24d0000 - 0x00007ffaf24ee000 	D:\IDE\anaconda3\envs\project_ask\lib\site-packages\pandas\_libs\tslibs\dtypes.cp38-win_amd64.pyd
0x00007ffaec4e0000 - 0x00007ffaec51c000 	D:\IDE\anaconda3\envs\project_ask\lib\site-packages\pandas\_libs\tslibs\conversion.cp38-win_amd64.pyd
0x00007ffb018a0000 - 0x00007ffb018af000 	D:\IDE\anaconda3\envs\project_ask\lib\site-packages\pandas\_libs\tslibs\base.cp38-win_amd64.pyd
0x00007ffaeb370000 - 0x00007ffaeb3a2000 	D:\IDE\anaconda3\envs\project_ask\lib\site-packages\pandas\_libs\tslibs\nattype.cp38-win_amd64.pyd
0x00007ffb013c0000 - 0x00007ffb013cf000 	D:\IDE\anaconda3\envs\project_ask\lib\site-packages\pandas\_libs\tslibs\np_datetime.cp38-win_amd64.pyd
0x00007ffaeaa40000 - 0x00007ffaeaa74000 	D:\IDE\anaconda3\envs\project_ask\lib\site-packages\pandas\_libs\tslibs\timezones.cp38-win_amd64.pyd
0x00007ffaea920000 - 0x00007ffaea95d000 	D:\IDE\anaconda3\envs\project_ask\lib\site-packages\pandas\_libs\tslibs\tzconversion.cp38-win_amd64.pyd
0x00007ffaed720000 - 0x00007ffaed732000 	D:\IDE\anaconda3\envs\project_ask\lib\site-packages\pandas\_libs\tslibs\ccalendar.cp38-win_amd64.pyd
0x00007ffae9f30000 - 0x00007ffae9f82000 	D:\IDE\anaconda3\envs\project_ask\lib\site-packages\pandas\_libs\tslibs\parsing.cp38-win_amd64.pyd
0x00007ffac2af0000 - 0x00007ffac2bb8000 	D:\IDE\anaconda3\envs\project_ask\lib\site-packages\pandas\_libs\tslibs\offsets.cp38-win_amd64.pyd
0x00007ffae8e70000 - 0x00007ffae8ecd000 	D:\IDE\anaconda3\envs\project_ask\lib\site-packages\pandas\_libs\tslibs\timedeltas.cp38-win_amd64.pyd
0x00007ffae85e0000 - 0x00007ffae8640000 	D:\IDE\anaconda3\envs\project_ask\lib\site-packages\pandas\_libs\tslibs\timestamps.cp38-win_amd64.pyd
0x00007ffae8e30000 - 0x00007ffae8e69000 	D:\IDE\anaconda3\envs\project_ask\lib\site-packages\pandas\_libs\tslibs\fields.cp38-win_amd64.pyd
0x00007ffae39b0000 - 0x00007ffae39fe000 	D:\IDE\anaconda3\envs\project_ask\lib\site-packages\pandas\_libs\tslibs\strptime.cp38-win_amd64.pyd
0x00007ffaecac0000 - 0x00007ffaecad3000 	D:\IDE\anaconda3\envs\project_ask\lib\site-packages\pandas\_libs\properties.cp38-win_amd64.pyd
0x00007ffada770000 - 0x00007ffada7cb000 	D:\IDE\anaconda3\envs\project_ask\lib\site-packages\pandas\_libs\tslibs\period.cp38-win_amd64.pyd
0x00007ffae5340000 - 0x00007ffae5374000 	D:\IDE\anaconda3\envs\project_ask\lib\site-packages\pandas\_libs\tslibs\vectorized.cp38-win_amd64.pyd
0x00007ffaec610000 - 0x00007ffaec622000 	D:\IDE\anaconda3\envs\project_ask\lib\site-packages\pandas\_libs\ops_dispatch.cp38-win_amd64.pyd
0x00007ffaac600000 - 0x00007ffaac737000 	D:\IDE\anaconda3\envs\project_ask\lib\site-packages\pandas\_libs\algos.cp38-win_amd64.pyd
0x00007ffad9850000 - 0x00007ffad98c1000 	D:\IDE\anaconda3\envs\project_ask\lib\site-packages\pandas\_libs\lib.cp38-win_amd64.pyd
0x00007ffaec4b0000 - 0x00007ffaec4d6000 	D:\IDE\anaconda3\envs\project_ask\lib\site-packages\pandas\_libs\tslib.cp38-win_amd64.pyd
0x00007ffaea600000 - 0x00007ffaea62b000 	D:\IDE\anaconda3\envs\project_ask\lib\site-packages\pandas\_libs\hashing.cp38-win_amd64.pyd
0x00007ffae5220000 - 0x00007ffae5252000 	D:\IDE\anaconda3\envs\project_ask\lib\site-packages\pandas\_libs\ops.cp38-win_amd64.pyd
0x00007ffac0820000 - 0x00007ffac0894000 	D:\IDE\anaconda3\envs\project_ask\lib\site-packages\pandas\_libs\index.cp38-win_amd64.pyd
0x00007ffaabfc0000 - 0x00007ffaac197000 	D:\IDE\anaconda3\envs\project_ask\lib\site-packages\pandas\_libs\join.cp38-win_amd64.pyd
0x00007ffaadbb0000 - 0x00007ffaadc78000 	D:\IDE\anaconda3\envs\project_ask\lib\site-packages\pandas\_libs\sparse.cp38-win_amd64.pyd
0x00007ffacbe90000 - 0x00007ffacbed3000 	D:\IDE\anaconda3\envs\project_ask\lib\site-packages\pandas\_libs\reduction.cp38-win_amd64.pyd
0x00007ffb006e0000 - 0x00007ffb006f0000 	D:\IDE\anaconda3\envs\project_ask\lib\site-packages\pandas\_libs\indexing.cp38-win_amd64.pyd
0x00007ffae3970000 - 0x00007ffae39a8000 	D:\IDE\anaconda3\envs\project_ask\lib\site-packages\pandas\_libs\internals.cp38-win_amd64.pyd
0x00007ffac2a60000 - 0x00007ffac2a91000 	D:\IDE\anaconda3\envs\project_ask\lib\site-packages\pandas\_libs\writers.cp38-win_amd64.pyd
0x00007ffaadf70000 - 0x00007ffaadfbf000 	D:\IDE\anaconda3\envs\project_ask\lib\site-packages\pandas\_libs\window\aggregations.cp38-win_amd64.pyd
0x00007ffaad310000 - 0x00007ffaad3ab000 	D:\IDE\anaconda3\envs\project_ask\lib\site-packages\pandas\_libs\window\MSVCP140.dll
0x00007ffae9f00000 - 0x00007ffae9f29000 	D:\IDE\anaconda3\envs\project_ask\lib\site-packages\pandas\_libs\window\indexers.cp38-win_amd64.pyd
0x00007ffaad2d0000 - 0x00007ffaad30c000 	D:\IDE\anaconda3\envs\project_ask\lib\site-packages\pandas\_libs\reshape.cp38-win_amd64.pyd
0x00007ffaa7210000 - 0x00007ffaa72f0000 	D:\IDE\anaconda3\envs\project_ask\lib\site-packages\pandas\_libs\groupby.cp38-win_amd64.pyd
0x00007ffaabf50000 - 0x00007ffaabfb5000 	D:\IDE\anaconda3\envs\project_ask\lib\site-packages\pandas\_libs\parsers.cp38-win_amd64.pyd
0x00007ffaeaaa0000 - 0x00007ffaeaab5000 	D:\IDE\anaconda3\envs\project_ask\lib\site-packages\pandas\_libs\json.cp38-win_amd64.pyd
0x00007ffada750000 - 0x00007ffada766000 	D:\IDE\anaconda3\envs\project_ask\lib\site-packages\pandas\_libs\testing.cp38-win_amd64.pyd
0x00007ffaa7530000 - 0x00007ffaa75d2000 	D:\IDE\anaconda3\envs\project_ask\lib\site-packages\_jpype.cp38-win_amd64.pyd
0x00007ffafc6a0000 - 0x00007ffafc6ac000 	D:\IDE\anaconda3\envs\project_ask\vcruntime140_1.dll
0x00007ffaa69d0000 - 0x00007ffaa6a10000 	D:\IDE\anaconda3\envs\project_ask\lib\site-packages\torch\lib\asmjit.dll
0x00007ffaa6970000 - 0x00007ffaa69c8000 	D:\IDE\anaconda3\envs\project_ask\lib\site-packages\torch\lib\c10.dll
0x00007ffb2be90000 - 0x00007ffb2c074000 	C:\Windows\SYSTEM32\dbghelp.dll
0x00007ffaa6920000 - 0x00007ffaa6965000 	D:\IDE\anaconda3\envs\project_ask\lib\site-packages\torch\lib\c10_cuda.dll
0x00007ffa8c1a0000 - 0x00007ffa8d443000 	D:\IDE\anaconda3\envs\project_ask\lib\site-packages\torch\lib\caffe2_detectron_ops_gpu.dll
0x00007ffaa41c0000 - 0x00007ffaa43c3000 	D:\IDE\anaconda3\envs\project_ask\Library\bin\libiomp5md.dll
0x00007ffaae030000 - 0x00007ffaae05d000 	D:\IDE\anaconda3\envs\project_ask\VCOMP140.DLL
0x00007ffa5ca60000 - 0x00007ffa6764d000 	D:\IDE\anaconda3\envs\project_ask\lib\site-packages\torch\lib\torch_cpu.dll
0x00007ffa9ff00000 - 0x00007ffaa01db000 	D:\IDE\anaconda3\envs\project_ask\lib\site-packages\torch\lib\fbgemm.dll
0x00007ffa67650000 - 0x00007ffa8c199000 	D:\IDE\anaconda3\envs\project_ask\lib\site-packages\torch\lib\torch_cuda.dll
0x00007ffa3b140000 - 0x00007ffa3e5f2000 	D:\IDE\anaconda3\envs\project_ask\Library\bin\curand64_10.dll
0x00007ffa3e600000 - 0x00007ffa416a5000 	D:\IDE\anaconda3\envs\project_ask\Library\bin\cusparse64_10.dll
0x00007ffafbf60000 - 0x00007ffafbf70000 	D:\IDE\anaconda3\envs\project_ask\Library\bin\nvToolsExt64_1.dll
0x00007ffa31fa0000 - 0x00007ffa3b13f000 	D:\IDE\anaconda3\envs\project_ask\Library\bin\cufft64_10.dll
0x00007ffa2e240000 - 0x00007ffa31f9b000 	D:\IDE\anaconda3\envs\project_ask\Library\bin\cublas64_10.dll
0x00007ffa416b0000 - 0x00007ffa5ca54000 	D:\IDE\anaconda3\envs\project_ask\lib\site-packages\torch\lib\cudnn64_7.dll
0x00007ffa2c370000 - 0x00007ffa2e23a000 	D:\IDE\anaconda3\envs\project_ask\Library\bin\cublasLt64_10.dll
0x00007ffacde50000 - 0x00007ffacde65000 	D:\IDE\anaconda3\envs\project_ask\lib\site-packages\torch\lib\caffe2_module_test_dynamic.dll
0x00007ffaf4570000 - 0x00007ffaf4579000 	D:\IDE\anaconda3\envs\project_ask\lib\site-packages\torch\lib\caffe2_nvrtc.dll
0x00007ffa2b3a0000 - 0x00007ffa2c36a000 	D:\IDE\anaconda3\envs\project_ask\Library\bin\nvrtc64_102_0.dll

dbghelp: loaded successfully - version: 4.0.5 - missing functions: none
symbol engine: initialized successfully - sym options: 0x614 - pdb path: .;D:\IDE\anaconda3\envs\project_ask;C:\Windows\SYSTEM32;D:\IDE\anaconda3\envs\project_ask\DLLs;D:\IDE\anaconda3\envs\project_ask\Library\bin;D:\IDE\anaconda3\envs\project_ask\lib\site-packages\lxml;D:\IDE\anaconda3\envs\project_ask\lib\site-packages\numpy\.libs;D:\IDE\anaconda3\envs\project_ask\lib\site-packages\numpy\core;D:\IDE\anaconda3\envs\project_ask\lib\site-packages\numpy\linalg;D:\IDE\anaconda3\envs\project_ask\lib\site-packages\numpy\fft;D:\IDE\anaconda3\envs\project_ask\lib\site-packages\numpy\random;D:\IDE\anaconda3\envs\project_ask\lib\site-packages\pandas\_libs;D:\IDE\anaconda3\envs\project_ask\lib\site-packages\pandas\_libs\tslibs;D:\IDE\anaconda3\envs\project_ask\lib\site-packages\pandas\_libs\window;D:\IDE\anaconda3\envs\project_ask\lib\site-packages;D:\IDE\anaconda3\envs\project_ask\lib\site-packages\torch\lib;D:\IDE\anaconda3\envs\project_ask\lib\site-packages\torch;D:\IDE\anaconda3\envs\project_ask\lib\site-packages\tokenizers;D:\IDE\anaconda3\envs\project_ask\lib\site-packages\sentencepiece;D:\IDE\anaconda3\envs\project_ask\lib\site-packages\scipy\.libs;D:\IDE\anaconda3\envs\project_ask\lib\site-packages\scipy\_lib;D:\IDE\anaconda3\envs\project_ask\lib\site-packages\scipy\spatial;D:\IDE\anaconda3\envs\project_ask\lib\site-packages\scipy\sparse;D:\IDE\anaconda3\envs\project_ask\lib\site-packages\scipy\sparse\csgraph;D:\IDE\anaconda3\envs\project_ask\lib\site-packages\scipy\linalg;D:\IDE\anaconda3\envs\project_ask\lib\site-packages\scipy\special;D:\IDE\anaconda3\envs\project_ask\lib\site-packages\scipy\spatial\transform;D:\IDE\anaconda3\envs\project_ask\lib\site-packages\scipy\ndimage;D:\IDE\anaconda3\envs\project_ask\lib\site-packages\scipy\optimize;D:\IDE\anaconda3\envs\project_ask\lib\site-packages\scipy\sparse\linalg\isolve;D:\IDE\anaconda3\envs\project_ask\lib\site-packages\scipy\sparse\linalg\dsolve;D:\IDE\anaconda3\envs\project_ask\lib\site-packages\scipy\sparse\linalg\eigen\arpack;D:\IDE\anaconda3\envs\project_ask\lib\site-packages\scipy\optimize\_trlib;D:\IDE\anaconda3\envs\project_ask\lib\site-packages\scipy\optimize\_lsq;D:\IDE\anaconda3\envs\project_ask\lib\site-packages\scipy\optimize\_highs;D:\IDE\anaconda3\envs\project_ask\lib\site-packages\scipy\integrate;D:\IDE\anaconda3\envs\project_ask\lib\site-packages\scipy\interpolate;D:\IDE\anaconda3\envs\project_ask\lib\site-packages\scipy\stats;D:\IDE\anaconda3\envs\project_ask\lib\site-packages\scipy\stats\_boost;C:\Windows\WinSxS\amd64_microsoft.windows.common-controls_6595b64144ccf1df_6.0.19041.1110_none_60b5254171f9507e;D:\IDE\anaconda3\envs\project_ask\lib\site-packages\regex;D:\IDE\anaconda3\envs\project_ask\lib\site-packages\sklearn\.libs;D:\IDE\anaconda3\envs\project_ask\lib\site-packages\sklearn\__check_build;D:\IDE\anaconda3\envs\project_ask\lib\site-packages\sklearn\utils;D:\IDE\anaconda3\envs\project_ask\lib\site-packages\sklearn\feature_extraction;D:\IDE\anaconda3\envs\project_ask\lib\site-packages\sklearn\preprocessing;D:\IDE\anaconda3\envs\project_ask\lib\site-packages\sklearn\datasets;D:\IDE\anaconda3\envs\project_ask\lib\site-packages\scipy\io\matlab;D:\IDE\anaconda3\envs\project_ask\lib\site-packages\sklearn\svm;D:\IDE\anaconda3\envs\project_ask\lib\site-packages\sklearn\metrics\cluster;D:\IDE\anaconda3\envs\project_ask\lib\site-packages\sklearn\metrics;D:\IDE\anaconda3\envs\project_ask\lib\site-packages\sklearn\linear_model;D:\IDE\anaconda3\envs\project_ask\lib\site-packages\PIL;C:\Users\pch14\AppData\Roaming\Python\Python38\site-packages\google\protobuf\internal;C:\Users\pch14\AppData\Roaming\Python\Python38\site-packages\google\protobuf\pyext;C:\Users\pch14\AppData\Roaming\Python\Python38\site-packages\tensorflow\python;C:\Program Files\NVIDIA GPU Computing Toolkit\CUDA\v11.1\bin;C:\Users\pch14\AppData\Roaming\Python\Python38\site-packages\tensorflow\python\platform;C:\Users\pch14\AppData\Roaming\Python\Python38\site-packages\wrapt;C:\Users\pch14\AppData\Roaming\Python\Python38\site-packages\tensorflow\python\util;C:\Users\pch14\AppData\Roaming\Python\Python38\site-packages\tensorflow\python\lib\core;C:\Users\pch14\AppData\Roaming\Python\Python38\site-packages\tensorflow\python\profiler\internal;C:\Users\pch14\AppData\Roaming\Python\Python38\site-packages\tensorflow\python\data\experimental\service;C:\Users\pch14\AppData\Roaming\Python\Python38\site-packages\tensorflow\python\lib\io;D:\IDE\anaconda3\envs\project_ask\lib\site-packages\Crypto\Hash;D:\IDE\anaconda3\envs\project_ask\lib\site-packages\Crypto\Cipher;D:\IDE\anaconda3\envs\project_ask\lib\site-packages\Crypto\Util;D:\IDE\Anaconda3\Library\bin;D:\IDE\anaconda3\envs\project_ask\lib\site-packages\yaml;C:\Users\pch14\AppData\Roaming\Python\Python38\site-packages\h5py;C:\Users\pch14\AppData\Roaming\Python\Python38\site-packages\tensorflow\lite\experimental\microfrontend\python\ops;C:\Users\pch14\AppData\Roaming\Python\Python38\site-packages\tensorflow\lite\python\interpreter_wrapper;C:\Windows\system32\DriverStore\FileRepository\nvmii.inf_amd64_4364c98fa71741a2;C:\Program Files\Java\jdk-16.0.1\bin\server;C:\Program Files\Java\jdk-16.0.1\bin

VM Arguments:
jvm_args: -Dfile.encoding=UTF8 -ea -Xmx1024m 
java_command: <unknown>
java_class_path (initial): D:\IDE\anaconda3\envs\project_ask\Lib\site-packages\konlpy\java;D:\IDE\anaconda3\envs\project_ask\Lib\site-packages\konlpy\java\bin;D:\IDE\anaconda3\envs\project_ask\Lib\site-packages\konlpy\java\*;D:\IDE\anaconda3\envs\project_ask\Lib\site-packages\konlpy\java\jhannanum-0.8.4.jar;D:\IDE\anaconda3\envs\project_ask\Lib\site-packages\konlpy\java\kkma-2.0.jar;D:\IDE\anaconda3\envs\project_ask\Lib\site-packages\konlpy\java\aho-corasick.jar;D:\IDE\anaconda3\envs\project_ask\Lib\site-packages\konlpy\java\shineware-common-1.0.jar;D:\IDE\anaconda3\envs\project_ask\Lib\site-packages\konlpy\java\shineware-ds-1.0.jar;D:\IDE\anaconda3\envs\project_ask\Lib\site-packages\konlpy\java\komoran-3.0.jar;D:\IDE\anaconda3\envs\project_ask\Lib\site-packages\konlpy\java\snakeyaml-1.12.jar;D:\IDE\anaconda3\envs\project_ask\Lib\site-packages\konlpy\java\scala-library-2.12.3.jar;D:\IDE\anaconda3\envs\project_ask\Lib\site-packages\konlpy\java\open-korean-text-2.1.0.jar;D:\IDE\anaconda3\envs\project_ask\Lib\site-packages\konlpy\java\twitter-text-1.14.7.jar;D:\IDE\anaconda3\envs\project_ask\Lib\site-packages\konlpy\java\*
Launcher Type: generic

[Global flags]
     intx CICompilerCount                          = 4                                         {product} {ergonomic}
     uint ConcGCThreads                            = 2                                         {product} {ergonomic}
     uint G1ConcRefinementThreads                  = 8                                         {product} {ergonomic}
   size_t G1HeapRegionSize                         = 1048576                                   {product} {ergonomic}
    uintx GCDrainStackTargetSize                   = 64                                        {product} {ergonomic}
   size_t InitialHeapSize                          = 268435456                                 {product} {ergonomic}
   size_t MarkStackSize                            = 4194304                                   {product} {ergonomic}
   size_t MaxHeapSize                              = 1073741824                                {product} {command line}
   size_t MaxNewSize                               = 643825664                                 {product} {ergonomic}
   size_t MinHeapDeltaBytes                        = 1048576                                   {product} {ergonomic}
   size_t MinHeapSize                              = 8388608                                   {product} {ergonomic}
    uintx NonNMethodCodeHeapSize                   = 5839372                                {pd product} {ergonomic}
    uintx NonProfiledCodeHeapSize                  = 122909434                              {pd product} {ergonomic}
    uintx ProfiledCodeHeapSize                     = 122909434                              {pd product} {ergonomic}
    uintx ReservedCodeCacheSize                    = 251658240                              {pd product} {ergonomic}
     bool SegmentedCodeCache                       = true                                      {product} {ergonomic}
   size_t SoftMaxHeapSize                          = 1073741824                             {manageable} {ergonomic}
     bool UseCompressedClassPointers               = true                           {product lp64_product} {ergonomic}
     bool UseCompressedOops                        = true                           {product lp64_product} {ergonomic}
     bool UseG1GC                                  = true                                      {product} {ergonomic}
     bool UseLargePagesIndividualAllocation        = false                                  {pd product} {ergonomic}

Logging:
Log output configuration:
 #0: stdout all=warning uptime,level,tags
 #1: stderr all=off uptime,level,tags

Environment Variables:
JAVA_HOME=C:\Program Files\Java\jdk-16.0.1
PATH=D:\IDE\anaconda3\envs\project_ask;D:\IDE\anaconda3\envs\project_ask\Library\mingw-w64\bin;D:\IDE\anaconda3\envs\project_ask\Library\usr\bin;D:\IDE\anaconda3\envs\project_ask\Library\bin;D:\IDE\anaconda3\envs\project_ask\Scripts;D:\IDE\anaconda3\envs\project_ask\bin;D:\IDE\anaconda3\condabin;C:\Program Files\NVIDIA GPU Computing Toolkit\CUDA\v11.1\bin;C:\Program Files\NVIDIA GPU Computing Toolkit\CUDA\v11.1\libnvvp;C:\Users\pch14\AppData\Local\Programs\Python\Python38\Scripts;C:\Users\pch14\AppData\Local\Programs\Python\Python38;C:\Program Files\Common Files\Oracle\Java\javapath;C:\Program Files\Python38\Scripts;C:\Program Files\Python38;C:\Program Files (x86)\Intel\iCLS Client;D:\IDE\Anaconda3;D:\IDE\Anaconda3\Library\mingw-w64\bin;D:\IDE\Anaconda3\Library\usr\bin;D:\IDE\Anaconda3\Library\bin;D:\IDE\Anaconda3\Scripts;C:\Program Files\Python39\Scripts;C:\Program Files\Python39;C:\Program Files\Intel\iCLS Client;C:\Windows\system32;C:\Windows;C:\Windows\System32\Wbem;C:\Windows\System32\WindowsPowerShell\v1.0;C:\Windows\System32\OpenSSH;C:\Program Files\Intel\WiFi\bin;C:\Program Files\Common Files\Intel\WirelessCommon;C:\Program Files (x86)\NVIDIA Corporation\PhysX\Common;C:\Program Files\NVIDIA Corporation\NVIDIA NvDLISR;C:\Program Files (x86)\dotnet;C:\Program Files\dotnet;C:\Program Files\Microsoft SQL Server\130\Tools\Binn;C:\Program Files\Microsoft SQL Server\Client SDK\ODBC\170\Tools\Binn;C:\Program Files (x86)\Microsoft SQL Server\150\DTS\Binn;C:\Program Files\Azure Data Studio\bin;C:\Program Files\nodejs;C:\Program Files (x86)\Intel\Intel(R) Management Engine Components\DAL;C:\Program Files\Intel\Intel(R) Management Engine Components\DAL;C:\Program Files (x86)\Intel\Intel(R) Management Engine Components\IPT;C:\Program Files\Intel\Intel(R) Management Engine Components\IPT;C:\MinGW\bin;C:\Program Files\Java\jdk-16.0.1\bin;C:\Program Files\NVIDIA Corporation\Nsight Compute 2020.2.0;C:\Program Files\Git\cmd;D:\Program Files\Tesseract-OCR;D:\IDE\anaconda3;D:\IDE\
USERNAME=pch14
OS=Windows_NT
PROCESSOR_IDENTIFIER=Intel64 Family 6 Model 94 Stepping 3, GenuineIntel



---------------  S Y S T E M  ---------------

OS:
 Windows 10 , 64 bit Build 19041 (10.0.19041.1023)
OS uptime: 0 days 10:09 hours
Hyper-V role detected

CPU: total 8 (initial active 8) (4 cores per cpu, 2 threads per core) family 6 model 94 stepping 3 microcode 0xcc, cx8, cmov, fxsr, ht, mmx, 3dnowpref, sse, sse2, sse3, ssse3, sse4.1, sse4.2, popcnt, lzcnt, tsc, tscinvbit, avx, avx2, aes, erms, clmul, bmi1, bmi2, rtm, adx, fma, vzeroupper, clflush, clflushopt, hv

Memory: 4k page, system-wide physical 16266M (6444M free)
TotalPageFile size 18698M (AvailPageFile size 3212M)
current process WorkingSet (physical memory assigned to process): 464M, peak: 464M
current process commit charge ("private bytes"): 3398M, peak: 3398M

vm_info: Java HotSpot(TM) 64-Bit Server VM (16.0.1+9-24) for windows-amd64 JRE (16.0.1+9-24), built on Mar 26 2021 19:31:42 by "mach5one" with MS VC++ 16.7 (VS2019)

END.
